{
  "stats": {
    "suites": 1,
    "tests": 6,
    "passes": 6,
    "pending": 0,
    "failures": 0,
    "start": "2022-12-15T18:40:49.007Z",
    "end": "2022-12-15T18:40:49.015Z",
    "duration": 8,
    "testsRegistered": 6,
    "passPercent": 100,
    "pendingPercent": 0,
    "other": 0,
    "hasOther": false,
    "skipped": 0,
    "hasSkipped": false
  },
  "results": [
    {
      "uuid": "82037682-ef17-484d-a7e5-03da35c0307b",
      "title": "",
      "fullFile": "/Users/samundra.dhakal/Desktop/personal/Uni/SoftwareTesting/test/add.test.js",
      "file": "/test/add.test.js",
      "beforeHooks": [],
      "afterHooks": [],
      "tests": [],
      "suites": [
        {
          "uuid": "2ecf253f-01b2-46cd-b05c-fe50e74e841d",
          "title": "Add functionality ",
          "fullFile": "/Users/samundra.dhakal/Desktop/personal/Uni/SoftwareTesting/test/add.test.js",
          "file": "/test/add.test.js",
          "beforeHooks": [],
          "afterHooks": [],
          "tests": [
            {
              "title": "add 2 positive number",
              "fullTitle": "Add functionality  add 2 positive number",
              "timedOut": false,
              "duration": 1,
              "state": "passed",
              "speed": "fast",
              "pass": true,
              "fail": false,
              "pending": false,
              "context": null,
              "code": "expect(add(10,11)).to.equal(21);",
              "err": {},
              "uuid": "c6b69a58-086a-4780-8864-4fcce0c3d0b9",
              "parentUUID": "2ecf253f-01b2-46cd-b05c-fe50e74e841d",
              "isHook": false,
              "skipped": false
            },
            {
              "title": "add negative number",
              "fullTitle": "Add functionality  add negative number",
              "timedOut": false,
              "duration": 0,
              "state": "passed",
              "speed": "fast",
              "pass": true,
              "fail": false,
              "pending": false,
              "context": null,
              "code": "expect(add(7,-3)).to.equal(4);",
              "err": {},
              "uuid": "f53e22b6-0b56-45bf-8a6c-edbb0bdebac8",
              "parentUUID": "2ecf253f-01b2-46cd-b05c-fe50e74e841d",
              "isHook": false,
              "skipped": false
            },
            {
              "title": "add decimal number to another decimal number",
              "fullTitle": "Add functionality  add decimal number to another decimal number",
              "timedOut": false,
              "duration": 0,
              "state": "passed",
              "speed": "fast",
              "pass": true,
              "fail": false,
              "pending": false,
              "context": null,
              "code": "expect(add(0.00009,0.001)).to.equal(0.00109);",
              "err": {},
              "uuid": "24526050-cb24-42b1-8630-7a36fb93480d",
              "parentUUID": "2ecf253f-01b2-46cd-b05c-fe50e74e841d",
              "isHook": false,
              "skipped": false
            },
            {
              "title": "add float to negative of the float, returns zero",
              "fullTitle": "Add functionality  add float to negative of the float, returns zero",
              "timedOut": false,
              "duration": 0,
              "state": "passed",
              "speed": "fast",
              "pass": true,
              "fail": false,
              "pending": false,
              "context": null,
              "code": "expect(add(1.05, -1.05)).to.equal(0);",
              "err": {},
              "uuid": "383f090b-907d-4779-a628-8ddc11d96042",
              "parentUUID": "2ecf253f-01b2-46cd-b05c-fe50e74e841d",
              "isHook": false,
              "skipped": false
            },
            {
              "title": "it returns zero if the inputs are empty",
              "fullTitle": "Add functionality  it returns zero if the inputs are empty",
              "timedOut": false,
              "duration": 0,
              "state": "passed",
              "speed": "fast",
              "pass": true,
              "fail": false,
              "pending": false,
              "context": null,
              "code": "expect(add()).to.equal(0);",
              "err": {},
              "uuid": "fbfb1490-d470-4f78-8d6d-4e75712010fd",
              "parentUUID": "2ecf253f-01b2-46cd-b05c-fe50e74e841d",
              "isHook": false,
              "skipped": false
            },
            {
              "title": "add positive integer to negative float, returns float with correct sign",
              "fullTitle": "Add functionality  add positive integer to negative float, returns float with correct sign",
              "timedOut": false,
              "duration": 0,
              "state": "passed",
              "speed": "fast",
              "pass": true,
              "fail": false,
              "pending": false,
              "context": null,
              "code": "expect(add(11, -2.65)).to.equal(8.35);",
              "err": {},
              "uuid": "bef47f62-9f5c-4af5-af79-2fa19cd28ea2",
              "parentUUID": "2ecf253f-01b2-46cd-b05c-fe50e74e841d",
              "isHook": false,
              "skipped": false
            }
          ],
          "suites": [],
          "passes": [
            "c6b69a58-086a-4780-8864-4fcce0c3d0b9",
            "f53e22b6-0b56-45bf-8a6c-edbb0bdebac8",
            "24526050-cb24-42b1-8630-7a36fb93480d",
            "383f090b-907d-4779-a628-8ddc11d96042",
            "fbfb1490-d470-4f78-8d6d-4e75712010fd",
            "bef47f62-9f5c-4af5-af79-2fa19cd28ea2"
          ],
          "failures": [],
          "pending": [],
          "skipped": [],
          "duration": 1,
          "root": false,
          "rootEmpty": false,
          "_timeout": 2000
        }
      ],
      "passes": [],
      "failures": [],
      "pending": [],
      "skipped": [],
      "duration": 0,
      "root": true,
      "rootEmpty": true,
      "_timeout": 2000
    }
  ],
  "meta": {
    "mocha": {
      "version": "10.2.0"
    },
    "mochawesome": {
      "options": {
        "quiet": false,
        "reportFilename": "mochawesome",
        "saveHtml": true,
        "saveJson": true,
        "consoleReporter": "spec",
        "useInlineDiffs": false,
        "code": true
      },
      "version": "7.1.3"
    },
    "marge": {
      "options": null,
      "version": "6.2.0"
    }
  }
}