{
  "stats": {
    "suites": 1,
    "tests": 6,
    "passes": 6,
    "pending": 0,
    "failures": 0,
    "start": "2022-12-15T19:05:38.697Z",
    "end": "2022-12-15T19:05:38.708Z",
    "duration": 11,
    "testsRegistered": 6,
    "passPercent": 100,
    "pendingPercent": 0,
    "other": 0,
    "hasOther": false,
    "skipped": 0,
    "hasSkipped": false
  },
  "results": [
    {
      "uuid": "f3c5e9a9-a80b-4680-8475-24df9ff7a87b",
      "title": "",
      "fullFile": "/Users/samundra.dhakal/Desktop/personal/Uni/SoftwareTesting/test/add.test.js",
      "file": "/test/add.test.js",
      "beforeHooks": [],
      "afterHooks": [],
      "tests": [],
      "suites": [
        {
          "uuid": "ec0f6613-9975-43f7-80aa-2789c95f86f4",
          "title": "Add functionality ",
          "fullFile": "/Users/samundra.dhakal/Desktop/personal/Uni/SoftwareTesting/test/add.test.js",
          "file": "/test/add.test.js",
          "beforeHooks": [],
          "afterHooks": [],
          "tests": [
            {
              "title": "add 2 positive number",
              "fullTitle": "Add functionality  add 2 positive number",
              "timedOut": false,
              "duration": 1,
              "state": "passed",
              "speed": "fast",
              "pass": true,
              "fail": false,
              "pending": false,
              "context": null,
              "code": "expect(add(10,11)).to.equal(21);",
              "err": {},
              "uuid": "0acc43e0-6c99-4544-a61c-cb3f22dfa631",
              "parentUUID": "ec0f6613-9975-43f7-80aa-2789c95f86f4",
              "isHook": false,
              "skipped": false
            },
            {
              "title": "add negative number",
              "fullTitle": "Add functionality  add negative number",
              "timedOut": false,
              "duration": 0,
              "state": "passed",
              "speed": "fast",
              "pass": true,
              "fail": false,
              "pending": false,
              "context": null,
              "code": "expect(add(7,-3)).to.equal(4);",
              "err": {},
              "uuid": "9b8f10e1-8531-4223-9f56-fcb02f3a2f56",
              "parentUUID": "ec0f6613-9975-43f7-80aa-2789c95f86f4",
              "isHook": false,
              "skipped": false
            },
            {
              "title": "add decimal number to another decimal number",
              "fullTitle": "Add functionality  add decimal number to another decimal number",
              "timedOut": false,
              "duration": 0,
              "state": "passed",
              "speed": "fast",
              "pass": true,
              "fail": false,
              "pending": false,
              "context": null,
              "code": "expect(add(0.00009,0.001)).to.equal(0.00109);",
              "err": {},
              "uuid": "05aaedd0-a60f-40c3-a9b3-8c86902bc6de",
              "parentUUID": "ec0f6613-9975-43f7-80aa-2789c95f86f4",
              "isHook": false,
              "skipped": false
            },
            {
              "title": "add float to negative of the float, returns zero",
              "fullTitle": "Add functionality  add float to negative of the float, returns zero",
              "timedOut": false,
              "duration": 0,
              "state": "passed",
              "speed": "fast",
              "pass": true,
              "fail": false,
              "pending": false,
              "context": null,
              "code": "expect(add(1.05, -1.05)).to.equal(0);",
              "err": {},
              "uuid": "c4b78271-ff7b-42b1-b3d8-2e37e6533224",
              "parentUUID": "ec0f6613-9975-43f7-80aa-2789c95f86f4",
              "isHook": false,
              "skipped": false
            },
            {
              "title": "it returns zero if the inputs are empty",
              "fullTitle": "Add functionality  it returns zero if the inputs are empty",
              "timedOut": false,
              "duration": 0,
              "state": "passed",
              "speed": "fast",
              "pass": true,
              "fail": false,
              "pending": false,
              "context": null,
              "code": "expect(add()).to.equal(0);",
              "err": {},
              "uuid": "39edbbf8-da46-4481-b75f-9731356cd2f9",
              "parentUUID": "ec0f6613-9975-43f7-80aa-2789c95f86f4",
              "isHook": false,
              "skipped": false
            },
            {
              "title": "add positive integer to negative float, returns float with correct sign",
              "fullTitle": "Add functionality  add positive integer to negative float, returns float with correct sign",
              "timedOut": false,
              "duration": 0,
              "state": "passed",
              "speed": "fast",
              "pass": true,
              "fail": false,
              "pending": false,
              "context": null,
              "code": "expect(add(11, -2.65)).to.equal(8.35);",
              "err": {},
              "uuid": "84e2073e-7b98-4434-bd28-1cf7ad142644",
              "parentUUID": "ec0f6613-9975-43f7-80aa-2789c95f86f4",
              "isHook": false,
              "skipped": false
            }
          ],
          "suites": [],
          "passes": [
            "0acc43e0-6c99-4544-a61c-cb3f22dfa631",
            "9b8f10e1-8531-4223-9f56-fcb02f3a2f56",
            "05aaedd0-a60f-40c3-a9b3-8c86902bc6de",
            "c4b78271-ff7b-42b1-b3d8-2e37e6533224",
            "39edbbf8-da46-4481-b75f-9731356cd2f9",
            "84e2073e-7b98-4434-bd28-1cf7ad142644"
          ],
          "failures": [],
          "pending": [],
          "skipped": [],
          "duration": 1,
          "root": false,
          "rootEmpty": false,
          "_timeout": 2000
        }
      ],
      "passes": [],
      "failures": [],
      "pending": [],
      "skipped": [],
      "duration": 0,
      "root": true,
      "rootEmpty": true,
      "_timeout": 2000
    }
  ],
  "meta": {
    "mocha": {
      "version": "10.2.0"
    },
    "mochawesome": {
      "options": {
        "quiet": false,
        "reportFilename": "mochawesome",
        "saveHtml": true,
        "saveJson": true,
        "consoleReporter": "spec",
        "useInlineDiffs": false,
        "code": true
      },
      "version": "7.1.3"
    },
    "marge": {
      "options": null,
      "version": "6.2.0"
    }
  }
}