{
  "stats": {
    "suites": 1,
    "tests": 6,
    "passes": 6,
    "pending": 0,
    "failures": 0,
    "start": "2022-12-16T09:17:34.880Z",
    "end": "2022-12-16T09:17:34.889Z",
    "duration": 9,
    "testsRegistered": 6,
    "passPercent": 100,
    "pendingPercent": 0,
    "other": 0,
    "hasOther": false,
    "skipped": 0,
    "hasSkipped": false
  },
  "results": [
    {
      "uuid": "b1f06cc1-c9b3-4680-8a77-a035b9ab71ff",
      "title": "",
      "fullFile": "/Users/samundra.dhakal/Desktop/personal/Uni/SoftwareTesting/test/add.test.js",
      "file": "/test/add.test.js",
      "beforeHooks": [],
      "afterHooks": [],
      "tests": [],
      "suites": [
        {
          "uuid": "dce947e2-4d9e-45e3-b6a4-d42d80453608",
          "title": "Add functionality ",
          "fullFile": "/Users/samundra.dhakal/Desktop/personal/Uni/SoftwareTesting/test/add.test.js",
          "file": "/test/add.test.js",
          "beforeHooks": [],
          "afterHooks": [],
          "tests": [
            {
              "title": "add 2 positive number",
              "fullTitle": "Add functionality  add 2 positive number",
              "timedOut": false,
              "duration": 1,
              "state": "passed",
              "speed": "fast",
              "pass": true,
              "fail": false,
              "pending": false,
              "context": null,
              "code": "expect(add(10,11)).to.equal(21);",
              "err": {},
              "uuid": "754d0ac4-6a87-44cb-b634-fb443296ddbb",
              "parentUUID": "dce947e2-4d9e-45e3-b6a4-d42d80453608",
              "isHook": false,
              "skipped": false
            },
            {
              "title": "add negative number",
              "fullTitle": "Add functionality  add negative number",
              "timedOut": false,
              "duration": 0,
              "state": "passed",
              "speed": "fast",
              "pass": true,
              "fail": false,
              "pending": false,
              "context": null,
              "code": "expect(add(7,-3)).to.equal(4);",
              "err": {},
              "uuid": "bd8797db-e79c-4eae-b9ec-31102e1002ab",
              "parentUUID": "dce947e2-4d9e-45e3-b6a4-d42d80453608",
              "isHook": false,
              "skipped": false
            },
            {
              "title": "add decimal number to another decimal number",
              "fullTitle": "Add functionality  add decimal number to another decimal number",
              "timedOut": false,
              "duration": 0,
              "state": "passed",
              "speed": "fast",
              "pass": true,
              "fail": false,
              "pending": false,
              "context": null,
              "code": "expect(add(0.00009,0.001)).to.equal(0.00109);",
              "err": {},
              "uuid": "80bb9402-1bac-4967-a431-a99083ea92d5",
              "parentUUID": "dce947e2-4d9e-45e3-b6a4-d42d80453608",
              "isHook": false,
              "skipped": false
            },
            {
              "title": "add float to negative of the float, returns zero",
              "fullTitle": "Add functionality  add float to negative of the float, returns zero",
              "timedOut": false,
              "duration": 0,
              "state": "passed",
              "speed": "fast",
              "pass": true,
              "fail": false,
              "pending": false,
              "context": null,
              "code": "expect(add(1.05, -1.05)).to.equal(0);",
              "err": {},
              "uuid": "83995d58-754c-4788-8e04-d050a546f944",
              "parentUUID": "dce947e2-4d9e-45e3-b6a4-d42d80453608",
              "isHook": false,
              "skipped": false
            },
            {
              "title": "it returns zero if the inputs are empty",
              "fullTitle": "Add functionality  it returns zero if the inputs are empty",
              "timedOut": false,
              "duration": 0,
              "state": "passed",
              "speed": "fast",
              "pass": true,
              "fail": false,
              "pending": false,
              "context": null,
              "code": "expect(add()).to.equal(0);",
              "err": {},
              "uuid": "3a550e4c-17d8-4765-be6b-23e9431b8755",
              "parentUUID": "dce947e2-4d9e-45e3-b6a4-d42d80453608",
              "isHook": false,
              "skipped": false
            },
            {
              "title": "add positive integer to negative float, returns float with correct sign",
              "fullTitle": "Add functionality  add positive integer to negative float, returns float with correct sign",
              "timedOut": false,
              "duration": 0,
              "state": "passed",
              "speed": "fast",
              "pass": true,
              "fail": false,
              "pending": false,
              "context": null,
              "code": "expect(add(11, -2.65)).to.equal(8.35);",
              "err": {},
              "uuid": "ed32fcab-d546-40ef-9bc8-ca89cbfec185",
              "parentUUID": "dce947e2-4d9e-45e3-b6a4-d42d80453608",
              "isHook": false,
              "skipped": false
            }
          ],
          "suites": [],
          "passes": [
            "754d0ac4-6a87-44cb-b634-fb443296ddbb",
            "bd8797db-e79c-4eae-b9ec-31102e1002ab",
            "80bb9402-1bac-4967-a431-a99083ea92d5",
            "83995d58-754c-4788-8e04-d050a546f944",
            "3a550e4c-17d8-4765-be6b-23e9431b8755",
            "ed32fcab-d546-40ef-9bc8-ca89cbfec185"
          ],
          "failures": [],
          "pending": [],
          "skipped": [],
          "duration": 1,
          "root": false,
          "rootEmpty": false,
          "_timeout": 2000
        }
      ],
      "passes": [],
      "failures": [],
      "pending": [],
      "skipped": [],
      "duration": 0,
      "root": true,
      "rootEmpty": true,
      "_timeout": 2000
    }
  ],
  "meta": {
    "mocha": {
      "version": "10.2.0"
    },
    "mochawesome": {
      "options": {
        "quiet": false,
        "reportFilename": "mochawesome",
        "saveHtml": true,
        "saveJson": true,
        "consoleReporter": "spec",
        "useInlineDiffs": false,
        "code": true
      },
      "version": "7.1.3"
    },
    "marge": {
      "options": null,
      "version": "6.2.0"
    }
  }
}