{
  "stats": {
    "suites": 1,
    "tests": 6,
    "passes": 6,
    "pending": 0,
    "failures": 0,
    "start": "2022-12-16T08:52:24.575Z",
    "end": "2022-12-16T08:52:24.593Z",
    "duration": 18,
    "testsRegistered": 6,
    "passPercent": 100,
    "pendingPercent": 0,
    "other": 0,
    "hasOther": false,
    "skipped": 0,
    "hasSkipped": false
  },
  "results": [
    {
      "uuid": "bd26e665-0117-43be-a812-f76bc74fbc1a",
      "title": "",
      "fullFile": "/Users/samundra.dhakal/Desktop/personal/Uni/SoftwareTesting/test/add.test.js",
      "file": "/test/add.test.js",
      "beforeHooks": [],
      "afterHooks": [],
      "tests": [],
      "suites": [
        {
          "uuid": "2956e9e4-463f-45cf-bddc-37b46cb23c52",
          "title": "Add functionality ",
          "fullFile": "/Users/samundra.dhakal/Desktop/personal/Uni/SoftwareTesting/test/add.test.js",
          "file": "/test/add.test.js",
          "beforeHooks": [],
          "afterHooks": [],
          "tests": [
            {
              "title": "add 2 positive number",
              "fullTitle": "Add functionality  add 2 positive number",
              "timedOut": false,
              "duration": 0,
              "state": "passed",
              "speed": "fast",
              "pass": true,
              "fail": false,
              "pending": false,
              "context": null,
              "code": "expect(add(10,11)).to.equal(21);",
              "err": {},
              "uuid": "7b9a9d78-d24d-47f5-8a25-889a0d1ae34c",
              "parentUUID": "2956e9e4-463f-45cf-bddc-37b46cb23c52",
              "isHook": false,
              "skipped": false
            },
            {
              "title": "add negative number",
              "fullTitle": "Add functionality  add negative number",
              "timedOut": false,
              "duration": 0,
              "state": "passed",
              "speed": "fast",
              "pass": true,
              "fail": false,
              "pending": false,
              "context": null,
              "code": "expect(add(7,-3)).to.equal(4);",
              "err": {},
              "uuid": "c75c73f7-1f4e-433c-923f-de013ea53d8d",
              "parentUUID": "2956e9e4-463f-45cf-bddc-37b46cb23c52",
              "isHook": false,
              "skipped": false
            },
            {
              "title": "add decimal number to another decimal number",
              "fullTitle": "Add functionality  add decimal number to another decimal number",
              "timedOut": false,
              "duration": 0,
              "state": "passed",
              "speed": "fast",
              "pass": true,
              "fail": false,
              "pending": false,
              "context": null,
              "code": "expect(add(0.00009,0.001)).to.equal(0.00109);",
              "err": {},
              "uuid": "b43573b5-d9e4-4a1f-a23a-6ab28120eae4",
              "parentUUID": "2956e9e4-463f-45cf-bddc-37b46cb23c52",
              "isHook": false,
              "skipped": false
            },
            {
              "title": "add float to negative of the float, returns zero",
              "fullTitle": "Add functionality  add float to negative of the float, returns zero",
              "timedOut": false,
              "duration": 0,
              "state": "passed",
              "speed": "fast",
              "pass": true,
              "fail": false,
              "pending": false,
              "context": null,
              "code": "expect(add(1.05, -1.05)).to.equal(0);",
              "err": {},
              "uuid": "42ebc5a8-dd78-47c5-a2e3-a8e324c3ba00",
              "parentUUID": "2956e9e4-463f-45cf-bddc-37b46cb23c52",
              "isHook": false,
              "skipped": false
            },
            {
              "title": "it returns zero if the inputs are empty",
              "fullTitle": "Add functionality  it returns zero if the inputs are empty",
              "timedOut": false,
              "duration": 0,
              "state": "passed",
              "speed": "fast",
              "pass": true,
              "fail": false,
              "pending": false,
              "context": null,
              "code": "expect(add()).to.equal(0);",
              "err": {},
              "uuid": "2542d423-4196-4c6f-b61a-802c2af92759",
              "parentUUID": "2956e9e4-463f-45cf-bddc-37b46cb23c52",
              "isHook": false,
              "skipped": false
            },
            {
              "title": "add positive integer to negative float, returns float with correct sign",
              "fullTitle": "Add functionality  add positive integer to negative float, returns float with correct sign",
              "timedOut": false,
              "duration": 0,
              "state": "passed",
              "speed": "fast",
              "pass": true,
              "fail": false,
              "pending": false,
              "context": null,
              "code": "expect(add(11, -2.65)).to.equal(8.35);",
              "err": {},
              "uuid": "7a14ceb1-1dd0-4546-b9de-2ac069f550fe",
              "parentUUID": "2956e9e4-463f-45cf-bddc-37b46cb23c52",
              "isHook": false,
              "skipped": false
            }
          ],
          "suites": [],
          "passes": [
            "7b9a9d78-d24d-47f5-8a25-889a0d1ae34c",
            "c75c73f7-1f4e-433c-923f-de013ea53d8d",
            "b43573b5-d9e4-4a1f-a23a-6ab28120eae4",
            "42ebc5a8-dd78-47c5-a2e3-a8e324c3ba00",
            "2542d423-4196-4c6f-b61a-802c2af92759",
            "7a14ceb1-1dd0-4546-b9de-2ac069f550fe"
          ],
          "failures": [],
          "pending": [],
          "skipped": [],
          "duration": 0,
          "root": false,
          "rootEmpty": false,
          "_timeout": 2000
        }
      ],
      "passes": [],
      "failures": [],
      "pending": [],
      "skipped": [],
      "duration": 0,
      "root": true,
      "rootEmpty": true,
      "_timeout": 2000
    }
  ],
  "meta": {
    "mocha": {
      "version": "10.2.0"
    },
    "mochawesome": {
      "options": {
        "quiet": false,
        "reportFilename": "mochawesome",
        "saveHtml": true,
        "saveJson": true,
        "consoleReporter": "spec",
        "useInlineDiffs": false,
        "code": true
      },
      "version": "7.1.3"
    },
    "marge": {
      "options": null,
      "version": "6.2.0"
    }
  }
}