{"/Users/samundra.dhakal/Desktop/personal/Uni/SoftwareTesting/src/add.js":{"path":"/Users/samundra.dhakal/Desktop/personal/Uni/SoftwareTesting/src/add.js","s":{"1":1,"2":1,"3":1,"4":1,"5":1,"6":1,"7":6,"8":1},"b":{"1":[1,0],"2":[1,1]},"f":{"1":1,"2":6},"fnMap":{"1":{"name":"_interopRequireDefault","line":0,"loc":{"start":{"line":0,"column":0},"end":{"line":0,"column":0}},"skip":true},"2":{"name":"(anonymous_2)","line":16,"loc":{"start":{"line":16,"column":32},"end":{"line":null,"column":null}}}},"statementMap":{"1":{"start":{"line":0,"column":0},"end":{"line":0,"column":0},"skip":true},"2":{"start":{"line":1,"column":0},"end":{"line":null,"column":null}},"3":{"start":{"line":0,"column":0},"end":{"line":0,"column":0},"skip":true},"4":{"start":{"line":0,"column":0},"end":{"line":0,"column":0},"skip":true},"5":{"start":{"line":0,"column":0},"end":{"line":0,"column":0},"skip":true},"6":{"start":{"line":16,"column":0},"end":{"line":null,"column":null}},"7":{"start":{"line":16,"column":52},"end":{"line":null,"column":null}},"8":{"start":{"line":18,"column":15},"end":{"line":null,"column":null}}},"branchMap":{"1":{"line":0,"type":"cond-expr","locations":[{"start":{"line":0,"column":0},"end":{"line":0,"column":0},"skip":true},{"start":{"line":0,"column":0},"end":{"line":0,"column":0},"skip":true}]},"2":{"line":0,"type":"binary-expr","locations":[{"start":{"line":0,"column":0},"end":{"line":0,"column":0},"skip":true},{"start":{"line":0,"column":0},"end":{"line":0,"column":0},"skip":true}]}}},"/Users/samundra.dhakal/Desktop/personal/Uni/SoftwareTesting/src/isSymbol.js":{"path":"/Users/samundra.dhakal/Desktop/personal/Uni/SoftwareTesting/src/isSymbol.js","s":{"1":1,"2":1,"3":10,"4":0,"5":1,"6":1,"7":1,"8":1,"9":1,"10":11,"11":11,"12":1},"b":{"1":[1,0],"2":[1,1],"3":[0,0],"4":[0,0,0,0],"5":[1,0],"6":[1,1],"7":[1,10],"8":[11,10,2,2]},"f":{"1":10,"2":0,"3":1,"4":11},"fnMap":{"1":{"name":"(anonymous_1)","line":0,"loc":{"start":{"line":0,"column":0},"end":{"line":0,"column":0}},"skip":true},"2":{"name":"(anonymous_2)","line":0,"loc":{"start":{"line":0,"column":0},"end":{"line":0,"column":0}},"skip":true},"3":{"name":"_interopRequireDefault","line":0,"loc":{"start":{"line":0,"column":0},"end":{"line":0,"column":0}},"skip":true},"4":{"name":"isSymbol","line":18,"loc":{"start":{"line":18,"column":0},"end":{"line":18,"column":25}}}},"statementMap":{"1":{"start":{"line":0,"column":0},"end":{"line":0,"column":0},"skip":true},"2":{"start":{"line":0,"column":0},"end":{"line":0,"column":0},"skip":true},"3":{"start":{"line":0,"column":0},"end":{"line":0,"column":0},"skip":true},"4":{"start":{"line":0,"column":0},"end":{"line":0,"column":0},"skip":true},"5":{"start":{"line":1,"column":0},"end":{"line":null,"column":null}},"6":{"start":{"line":0,"column":0},"end":{"line":0,"column":0},"skip":true},"7":{"start":{"line":0,"column":0},"end":{"line":0,"column":0},"skip":true},"8":{"start":{"line":0,"column":0},"end":{"line":0,"column":0},"skip":true},"9":{"start":{"line":18,"column":0},"end":{"line":null,"column":null}},"10":{"start":{"line":19,"column":8},"end":{"line":null,"column":null}},"11":{"start":{"line":20,"column":9},"end":{"line":null,"column":null}},"12":{"start":{"line":23,"column":15},"end":{"line":null,"column":null}}},"branchMap":{"1":{"line":0,"type":"cond-expr","locations":[{"start":{"line":0,"column":0},"end":{"line":0,"column":0},"skip":true},{"start":{"line":0,"column":0},"end":{"line":0,"column":0},"skip":true}]},"2":{"line":0,"type":"binary-expr","locations":[{"start":{"line":0,"column":0},"end":{"line":0,"column":0},"skip":true},{"start":{"line":0,"column":0},"end":{"line":0,"column":0},"skip":true}]},"3":{"line":0,"type":"cond-expr","locations":[{"start":{"line":0,"column":0},"end":{"line":0,"column":0},"skip":true},{"start":{"line":0,"column":0},"end":{"line":0,"column":0},"skip":true}]},"4":{"line":0,"type":"binary-expr","locations":[{"start":{"line":0,"column":0},"end":{"line":0,"column":0},"skip":true},{"start":{"line":0,"column":0},"end":{"line":0,"column":0},"skip":true},{"start":{"line":0,"column":0},"end":{"line":0,"column":0},"skip":true},{"start":{"line":0,"column":0},"end":{"line":0,"column":0},"skip":true}]},"5":{"line":0,"type":"cond-expr","locations":[{"start":{"line":0,"column":0},"end":{"line":0,"column":0},"skip":true},{"start":{"line":0,"column":0},"end":{"line":0,"column":0},"skip":true}]},"6":{"line":0,"type":"binary-expr","locations":[{"start":{"line":0,"column":0},"end":{"line":0,"column":0},"skip":true},{"start":{"line":0,"column":0},"end":{"line":0,"column":0},"skip":true}]},"7":{"line":19,"type":"cond-expr","locations":[{"start":{"line":19,"column":22},"end":{"line":19,"column":22}},{"start":{"line":19,"column":22},"end":{"line":19,"column":2}}]},"8":{"line":20,"type":"binary-expr","locations":[{"start":{"line":20,"column":9},"end":{"line":20,"column":9}},{"start":{"line":20,"column":30},"end":{"line":20,"column":30}},{"start":{"line":20,"column":51},"end":{"line":20,"column":30}},{"start":{"line":20,"column":68},"end":{"line":20,"column":2}}]}}},"/Users/samundra.dhakal/Desktop/personal/Uni/SoftwareTesting/src/capitalize.js":{"path":"/Users/samundra.dhakal/Desktop/personal/Uni/SoftwareTesting/src/capitalize.js","s":{"1":1,"2":1,"3":1,"4":1,"5":1,"6":1,"7":2,"8":1,"9":2,"10":1},"b":{"1":[2,0],"2":[2,2]},"f":{"1":2,"2":2},"fnMap":{"1":{"name":"_interopRequireDefault","line":0,"loc":{"start":{"line":0,"column":0},"end":{"line":0,"column":0}},"skip":true},"2":{"name":"capitalize","line":17,"loc":{"start":{"line":17,"column":19},"end":{"line":null,"column":null}}}},"statementMap":{"1":{"start":{"line":0,"column":0},"end":{"line":0,"column":0},"skip":true},"2":{"start":{"line":1,"column":0},"end":{"line":null,"column":null}},"3":{"start":{"line":0,"column":0},"end":{"line":0,"column":0},"skip":true},"4":{"start":{"line":2,"column":0},"end":{"line":null,"column":null}},"5":{"start":{"line":0,"column":0},"end":{"line":0,"column":0},"skip":true},"6":{"start":{"line":0,"column":0},"end":{"line":0,"column":0},"skip":true},"7":{"start":{"line":0,"column":0},"end":{"line":0,"column":0},"skip":true},"8":{"start":{"line":17,"column":0},"end":{"line":null,"column":null}},"9":{"start":{"line":17,"column":31},"end":{"line":null,"column":null}},"10":{"start":{"line":20,"column":15},"end":{"line":null,"column":null}}},"branchMap":{"1":{"line":0,"type":"cond-expr","locations":[{"start":{"line":0,"column":0},"end":{"line":0,"column":0},"skip":true},{"start":{"line":0,"column":0},"end":{"line":0,"column":0},"skip":true}]},"2":{"line":0,"type":"binary-expr","locations":[{"start":{"line":0,"column":0},"end":{"line":0,"column":0},"skip":true},{"start":{"line":0,"column":0},"end":{"line":0,"column":0},"skip":true}]}}},"/Users/samundra.dhakal/Desktop/personal/Uni/SoftwareTesting/src/upperFirst.js":{"path":"/Users/samundra.dhakal/Desktop/personal/Uni/SoftwareTesting/src/upperFirst.js","s":{"1":1,"2":1,"3":1,"4":1,"5":1,"6":1,"7":1},"b":{"1":[1,0],"2":[1,1]},"f":{"1":1},"fnMap":{"1":{"name":"_interopRequireDefault","line":0,"loc":{"start":{"line":0,"column":0},"end":{"line":0,"column":0}},"skip":true}},"statementMap":{"1":{"start":{"line":0,"column":0},"end":{"line":0,"column":0},"skip":true},"2":{"start":{"line":1,"column":0},"end":{"line":null,"column":null}},"3":{"start":{"line":0,"column":0},"end":{"line":0,"column":0},"skip":true},"4":{"start":{"line":0,"column":0},"end":{"line":0,"column":0},"skip":true},"5":{"start":{"line":0,"column":0},"end":{"line":0,"column":0},"skip":true},"6":{"start":{"line":19,"column":0},"end":{"line":null,"column":null}},"7":{"start":{"line":21,"column":15},"end":{"line":null,"column":null}}},"branchMap":{"1":{"line":0,"type":"cond-expr","locations":[{"start":{"line":0,"column":0},"end":{"line":0,"column":0},"skip":true},{"start":{"line":0,"column":0},"end":{"line":0,"column":0},"skip":true}]},"2":{"line":0,"type":"binary-expr","locations":[{"start":{"line":0,"column":0},"end":{"line":0,"column":0},"skip":true},{"start":{"line":0,"column":0},"end":{"line":0,"column":0},"skip":true}]}}},"/Users/samundra.dhakal/Desktop/personal/Uni/SoftwareTesting/src/slice.js":{"path":"/Users/samundra.dhakal/Desktop/personal/Uni/SoftwareTesting/src/slice.js","s":{"1":1,"2":1,"3":3,"4":3,"5":0,"6":3,"7":3,"8":3,"9":0,"10":3,"11":0,"12":3,"13":3,"14":3,"15":3,"16":3,"17":4,"18":3,"19":1},"b":{"1":[0,3],"2":[0,3],"3":[0,3],"4":[0,3],"5":[0,3],"6":[0,0],"7":[0,3],"8":[0,3]},"f":{"1":3},"fnMap":{"1":{"name":"slice","line":21,"loc":{"start":{"line":21,"column":0},"end":{"line":21,"column":34}}}},"statementMap":{"1":{"start":{"line":0,"column":0},"end":{"line":0,"column":0},"skip":true},"2":{"start":{"line":21,"column":0},"end":{"line":null,"column":null}},"3":{"start":{"line":22,"column":6},"end":{"line":null,"column":null}},"4":{"start":{"line":23,"column":6},"end":{"line":null,"column":null}},"5":{"start":{"line":24,"column":11},"end":{"line":null,"column":null}},"6":{"start":{"line":26,"column":10},"end":{"line":null,"column":null}},"7":{"start":{"line":27,"column":8},"end":{"line":null,"column":null}},"8":{"start":{"line":29,"column":6},"end":{"line":null,"column":null}},"9":{"start":{"line":30,"column":12},"end":{"line":null,"column":null}},"10":{"start":{"line":32,"column":6},"end":{"line":null,"column":null}},"11":{"start":{"line":33,"column":11},"end":{"line":null,"column":null}},"12":{"start":{"line":35,"column":11},"end":{"line":null,"column":null}},"13":{"start":{"line":36,"column":13},"end":{"line":null,"column":null}},"14":{"start":{"line":38,"column":6},"end":{"line":null,"column":null}},"15":{"start":{"line":39,"column":8},"end":{"line":null,"column":null}},"16":{"start":{"line":40,"column":9},"end":{"line":null,"column":null}},"17":{"start":{"line":41,"column":11},"end":{"line":null,"column":null}},"18":{"start":{"line":43,"column":9},"end":{"line":null,"column":null}},"19":{"start":{"line":46,"column":15},"end":{"line":null,"column":null}}},"branchMap":{"1":{"line":22,"type":"cond-expr","locations":[{"start":{"line":22,"column":31},"end":{"line":22,"column":15}},{"start":{"line":22,"column":35},"end":{"line":22,"column":2}}]},"2":{"line":23,"type":"if","locations":[{"start":{"line":23,"column":6},"end":{"line":23,"column":6}},{"start":{"line":23,"column":6},"end":{"line":23,"column":6}}]},"3":{"line":26,"type":"cond-expr","locations":[{"start":{"line":26,"column":26},"end":{"line":26,"column":10}},{"start":{"line":26,"column":30},"end":{"line":26,"column":2}}]},"4":{"line":27,"type":"cond-expr","locations":[{"start":{"line":27,"column":28},"end":{"line":27,"column":8}},{"start":{"line":27,"column":37},"end":{"line":27,"column":2}}]},"5":{"line":29,"type":"if","locations":[{"start":{"line":29,"column":6},"end":{"line":29,"column":6}},{"start":{"line":29,"column":6},"end":{"line":29,"column":6}}]},"6":{"line":30,"type":"cond-expr","locations":[{"start":{"line":30,"column":30},"end":{"line":30,"column":12}},{"start":{"line":30,"column":35},"end":{"line":30,"column":4}}]},"7":{"line":32,"type":"if","locations":[{"start":{"line":32,"column":6},"end":{"line":32,"column":6}},{"start":{"line":32,"column":6},"end":{"line":32,"column":6}}]},"8":{"line":35,"type":"cond-expr","locations":[{"start":{"line":35,"column":25},"end":{"line":35,"column":11}},{"start":{"line":35,"column":31},"end":{"line":35,"column":2}}]}}},"/Users/samundra.dhakal/Desktop/personal/Uni/SoftwareTesting/src/toString.js":{"path":"/Users/samundra.dhakal/Desktop/personal/Uni/SoftwareTesting/src/toString.js","s":{"1":1,"2":1,"3":1,"4":1,"5":1,"6":1,"7":1,"8":2,"9":2,"10":0,"11":0,"12":0,"13":0,"14":0,"15":0,"16":0,"17":1},"b":{"1":[1,0],"2":[1,1],"3":[2,0],"4":[0,0],"5":[0,0],"6":[0,0],"7":[0,0],"8":[0,0]},"f":{"1":1,"2":2,"3":0},"fnMap":{"1":{"name":"_interopRequireDefault","line":0,"loc":{"start":{"line":0,"column":0},"end":{"line":0,"column":0}},"skip":true},"2":{"name":"toString","line":25,"loc":{"start":{"line":25,"column":0},"end":{"line":25,"column":25}}},"3":{"name":"(anonymous_3)","line":33,"loc":{"start":{"line":33,"column":24},"end":{"line":null,"column":null}}}},"statementMap":{"1":{"start":{"line":0,"column":0},"end":{"line":0,"column":0},"skip":true},"2":{"start":{"line":1,"column":0},"end":{"line":null,"column":null}},"3":{"start":{"line":0,"column":0},"end":{"line":0,"column":0},"skip":true},"4":{"start":{"line":0,"column":0},"end":{"line":0,"column":0},"skip":true},"5":{"start":{"line":0,"column":0},"end":{"line":0,"column":0},"skip":true},"6":{"start":{"line":4,"column":0},"end":{"line":null,"column":null}},"7":{"start":{"line":25,"column":0},"end":{"line":null,"column":null}},"8":{"start":{"line":28,"column":6},"end":{"line":null,"column":null}},"9":{"start":{"line":29,"column":11},"end":{"line":null,"column":null}},"10":{"start":{"line":31,"column":6},"end":{"line":null,"column":null}},"11":{"start":{"line":33,"column":14},"end":{"line":null,"column":null}},"12":{"start":{"line":33,"column":35},"end":{"line":null,"column":null}},"13":{"start":{"line":35,"column":6},"end":{"line":null,"column":null}},"14":{"start":{"line":36,"column":11},"end":{"line":null,"column":null}},"15":{"start":{"line":38,"column":8},"end":{"line":null,"column":null}},"16":{"start":{"line":39,"column":10},"end":{"line":null,"column":null}},"17":{"start":{"line":42,"column":15},"end":{"line":null,"column":null}}},"branchMap":{"1":{"line":0,"type":"cond-expr","locations":[{"start":{"line":0,"column":0},"end":{"line":0,"column":0},"skip":true},{"start":{"line":0,"column":0},"end":{"line":0,"column":0},"skip":true}]},"2":{"line":0,"type":"binary-expr","locations":[{"start":{"line":0,"column":0},"end":{"line":0,"column":0},"skip":true},{"start":{"line":0,"column":0},"end":{"line":0,"column":0},"skip":true}]},"3":{"line":28,"type":"if","locations":[{"start":{"line":28,"column":6},"end":{"line":28,"column":6}},{"start":{"line":28,"column":6},"end":{"line":28,"column":6}}]},"4":{"line":31,"type":"if","locations":[{"start":{"line":31,"column":6},"end":{"line":31,"column":6}},{"start":{"line":31,"column":6},"end":{"line":31,"column":6}}]},"5":{"line":33,"type":"cond-expr","locations":[{"start":{"line":33,"column":51},"end":{"line":33,"column":35}},{"start":{"line":33,"column":59},"end":{"line":33,"column":24}}]},"6":{"line":35,"type":"if","locations":[{"start":{"line":35,"column":6},"end":{"line":35,"column":6}},{"start":{"line":35,"column":6},"end":{"line":35,"column":6}}]},"7":{"line":39,"type":"cond-expr","locations":[{"start":{"line":39,"column":55},"end":{"line":39,"column":9}},{"start":{"line":39,"column":62},"end":{"line":39,"column":2}}]},"8":{"line":39,"type":"binary-expr","locations":[{"start":{"line":39,"column":10},"end":{"line":39,"column":10}},{"start":{"line":39,"column":28},"end":{"line":39,"column":9}}]}}},"/Users/samundra.dhakal/Desktop/personal/Uni/SoftwareTesting/src/ceil.js":{"path":"/Users/samundra.dhakal/Desktop/personal/Uni/SoftwareTesting/src/ceil.js","s":{"1":1,"2":1,"3":1,"4":1,"5":1,"6":1,"7":1},"b":{"1":[1,0],"2":[1,1]},"f":{"1":1},"fnMap":{"1":{"name":"_interopRequireDefault","line":0,"loc":{"start":{"line":0,"column":0},"end":{"line":0,"column":0}},"skip":true}},"statementMap":{"1":{"start":{"line":0,"column":0},"end":{"line":0,"column":0},"skip":true},"2":{"start":{"line":1,"column":0},"end":{"line":null,"column":null}},"3":{"start":{"line":0,"column":0},"end":{"line":0,"column":0},"skip":true},"4":{"start":{"line":0,"column":0},"end":{"line":0,"column":0},"skip":true},"5":{"start":{"line":0,"column":0},"end":{"line":0,"column":0},"skip":true},"6":{"start":{"line":22,"column":0},"end":{"line":null,"column":null}},"7":{"start":{"line":24,"column":15},"end":{"line":null,"column":null}}},"branchMap":{"1":{"line":0,"type":"cond-expr","locations":[{"start":{"line":0,"column":0},"end":{"line":0,"column":0},"skip":true},{"start":{"line":0,"column":0},"end":{"line":0,"column":0},"skip":true}]},"2":{"line":0,"type":"binary-expr","locations":[{"start":{"line":0,"column":0},"end":{"line":0,"column":0},"skip":true},{"start":{"line":0,"column":0},"end":{"line":0,"column":0},"skip":true}]}}},"/Users/samundra.dhakal/Desktop/personal/Uni/SoftwareTesting/src/compact.js":{"path":"/Users/samundra.dhakal/Desktop/personal/Uni/SoftwareTesting/src/compact.js","s":{"1":1,"2":1,"3":4,"4":4,"5":4,"6":4,"7":4,"8":4,"9":4,"10":12,"11":12,"12":6,"13":1,"14":1,"15":4,"16":4,"17":0,"18":4,"19":1,"20":3,"21":1},"b":{"1":[6,6],"2":[0,4],"3":[4,0],"4":[1,3]},"f":{"1":4},"fnMap":{"1":{"name":"compact","line":14,"loc":{"start":{"line":14,"column":0},"end":{"line":14,"column":24}}}},"statementMap":{"1":{"start":{"line":0,"column":0},"end":{"line":0,"column":0},"skip":true},"2":{"start":{"line":14,"column":0},"end":{"line":null,"column":null}},"3":{"start":{"line":15,"column":6},"end":{"line":null,"column":null}},"4":{"start":{"line":16,"column":8},"end":{"line":null,"column":null}},"5":{"start":{"line":0,"column":0},"end":{"line":0,"column":0},"skip":true},"6":{"start":{"line":0,"column":0},"end":{"line":0,"column":0},"skip":true},"7":{"start":{"line":0,"column":0},"end":{"line":0,"column":0},"skip":true},"8":{"start":{"line":0,"column":0},"end":{"line":0,"column":0},"skip":true},"9":{"start":{"line":18,"column":22},"end":{"line":null,"column":null}},"10":{"start":{"line":18,"column":13},"end":{"line":null,"column":null}},"11":{"start":{"line":19,"column":8},"end":{"line":null,"column":null}},"12":{"start":{"line":20,"column":13},"end":{"line":null,"column":null}},"13":{"start":{"line":0,"column":0},"end":{"line":0,"column":0},"skip":true},"14":{"start":{"line":0,"column":0},"end":{"line":0,"column":0},"skip":true},"15":{"start":{"line":0,"column":0},"end":{"line":0,"column":0},"skip":true},"16":{"start":{"line":0,"column":0},"end":{"line":0,"column":0},"skip":true},"17":{"start":{"line":0,"column":0},"end":{"line":0,"column":0},"skip":true},"18":{"start":{"line":0,"column":0},"end":{"line":0,"column":0},"skip":true},"19":{"start":{"line":0,"column":0},"end":{"line":0,"column":0},"skip":true},"20":{"start":{"line":23,"column":9},"end":{"line":null,"column":null}},"21":{"start":{"line":26,"column":15},"end":{"line":null,"column":null}}},"branchMap":{"1":{"line":19,"type":"if","locations":[{"start":{"line":19,"column":8},"end":{"line":19,"column":8}},{"start":{"line":19,"column":8},"end":{"line":19,"column":8}}]},"2":{"line":0,"type":"if","locations":[{"start":{"line":0,"column":0},"end":{"line":0,"column":0},"skip":true},{"start":{"line":0,"column":0},"end":{"line":0,"column":0},"skip":true}]},"3":{"line":0,"type":"binary-expr","locations":[{"start":{"line":0,"column":0},"end":{"line":0,"column":0},"skip":true},{"start":{"line":0,"column":0},"end":{"line":0,"column":0},"skip":true}]},"4":{"line":0,"type":"if","locations":[{"start":{"line":0,"column":0},"end":{"line":0,"column":0},"skip":true},{"start":{"line":0,"column":0},"end":{"line":0,"column":0},"skip":true}]}}},"/Users/samundra.dhakal/Desktop/personal/Uni/SoftwareTesting/src/countBy.js":{"path":"/Users/samundra.dhakal/Desktop/personal/Uni/SoftwareTesting/src/countBy.js","s":{"1":1,"2":1,"3":1,"4":1,"5":1,"6":1,"7":2,"8":1,"9":1,"10":3,"11":5,"12":3,"13":1,"14":2,"15":3,"16":1},"b":{"1":[2,0],"2":[2,2],"3":[1,2]},"f":{"1":2,"2":3,"3":5},"fnMap":{"1":{"name":"_interopRequireDefault","line":0,"loc":{"start":{"line":0,"column":0},"end":{"line":0,"column":0}},"skip":true},"2":{"name":"countBy","line":29,"loc":{"start":{"line":29,"column":0},"end":{"line":29,"column":39}}},"3":{"name":"(anonymous_3)","line":30,"loc":{"start":{"line":30,"column":28},"end":{"line":30,"column":52}}}},"statementMap":{"1":{"start":{"line":0,"column":0},"end":{"line":0,"column":0},"skip":true},"2":{"start":{"line":1,"column":0},"end":{"line":null,"column":null}},"3":{"start":{"line":0,"column":0},"end":{"line":0,"column":0},"skip":true},"4":{"start":{"line":2,"column":0},"end":{"line":null,"column":null}},"5":{"start":{"line":0,"column":0},"end":{"line":0,"column":0},"skip":true},"6":{"start":{"line":0,"column":0},"end":{"line":0,"column":0},"skip":true},"7":{"start":{"line":0,"column":0},"end":{"line":0,"column":0},"skip":true},"8":{"start":{"line":5,"column":0},"end":{"line":null,"column":null}},"9":{"start":{"line":29,"column":0},"end":{"line":null,"column":null}},"10":{"start":{"line":30,"column":9},"end":{"line":null,"column":null}},"11":{"start":{"line":31,"column":10},"end":{"line":null,"column":null}},"12":{"start":{"line":32,"column":8},"end":{"line":null,"column":null}},"13":{"start":{"line":33,"column":8},"end":{"line":null,"column":null}},"14":{"start":{"line":35,"column":22},"end":{"line":null,"column":null}},"15":{"start":{"line":37,"column":11},"end":{"line":null,"column":null}},"16":{"start":{"line":41,"column":15},"end":{"line":null,"column":null}}},"branchMap":{"1":{"line":0,"type":"cond-expr","locations":[{"start":{"line":0,"column":0},"end":{"line":0,"column":0},"skip":true},{"start":{"line":0,"column":0},"end":{"line":0,"column":0},"skip":true}]},"2":{"line":0,"type":"binary-expr","locations":[{"start":{"line":0,"column":0},"end":{"line":0,"column":0},"skip":true},{"start":{"line":0,"column":0},"end":{"line":0,"column":0},"skip":true}]},"3":{"line":32,"type":"if","locations":[{"start":{"line":32,"column":8},"end":{"line":32,"column":8}},{"start":{"line":32,"column":8},"end":{"line":32,"column":8}}]}}},"/Users/samundra.dhakal/Desktop/personal/Uni/SoftwareTesting/src/reduce.js":{"path":"/Users/samundra.dhakal/Desktop/personal/Uni/SoftwareTesting/src/reduce.js","s":{"1":1,"2":1,"3":1,"4":1,"5":1,"6":1,"7":1,"8":1,"9":3,"10":1,"11":3,"12":3,"13":3,"14":1},"b":{"1":[3,0],"2":[3,3],"3":[3,0]},"f":{"1":3,"2":3},"fnMap":{"1":{"name":"_interopRequireDefault","line":0,"loc":{"start":{"line":0,"column":0},"end":{"line":0,"column":0}},"skip":true},"2":{"name":"reduce","line":38,"loc":{"start":{"line":38,"column":0},"end":{"line":38,"column":51}}}},"statementMap":{"1":{"start":{"line":0,"column":0},"end":{"line":0,"column":0},"skip":true},"2":{"start":{"line":1,"column":0},"end":{"line":null,"column":null}},"3":{"start":{"line":0,"column":0},"end":{"line":0,"column":0},"skip":true},"4":{"start":{"line":2,"column":0},"end":{"line":null,"column":null}},"5":{"start":{"line":0,"column":0},"end":{"line":0,"column":0},"skip":true},"6":{"start":{"line":3,"column":0},"end":{"line":null,"column":null}},"7":{"start":{"line":0,"column":0},"end":{"line":0,"column":0},"skip":true},"8":{"start":{"line":0,"column":0},"end":{"line":0,"column":0},"skip":true},"9":{"start":{"line":0,"column":0},"end":{"line":0,"column":0},"skip":true},"10":{"start":{"line":38,"column":0},"end":{"line":null,"column":null}},"11":{"start":{"line":39,"column":8},"end":{"line":null,"column":null}},"12":{"start":{"line":40,"column":8},"end":{"line":null,"column":null}},"13":{"start":{"line":41,"column":9},"end":{"line":null,"column":null}},"14":{"start":{"line":44,"column":15},"end":{"line":null,"column":null}}},"branchMap":{"1":{"line":0,"type":"cond-expr","locations":[{"start":{"line":0,"column":0},"end":{"line":0,"column":0},"skip":true},{"start":{"line":0,"column":0},"end":{"line":0,"column":0},"skip":true}]},"2":{"line":0,"type":"binary-expr","locations":[{"start":{"line":0,"column":0},"end":{"line":0,"column":0},"skip":true},{"start":{"line":0,"column":0},"end":{"line":0,"column":0},"skip":true}]},"3":{"line":39,"type":"cond-expr","locations":[{"start":{"line":39,"column":43},"end":{"line":39,"column":15}},{"start":{"line":39,"column":57},"end":{"line":39,"column":2}}]}}},"/Users/samundra.dhakal/Desktop/personal/Uni/SoftwareTesting/src/keys.js":{"path":"/Users/samundra.dhakal/Desktop/personal/Uni/SoftwareTesting/src/keys.js","s":{"1":1,"2":1,"3":1,"4":1,"5":1,"6":1,"7":2,"8":1,"9":0,"10":1},"b":{"1":[2,0],"2":[2,2],"3":[0,0]},"f":{"1":2,"2":0},"fnMap":{"1":{"name":"_interopRequireDefault","line":0,"loc":{"start":{"line":0,"column":0},"end":{"line":0,"column":0}},"skip":true},"2":{"name":"keys","line":31,"loc":{"start":{"line":31,"column":0},"end":{"line":31,"column":22}}}},"statementMap":{"1":{"start":{"line":0,"column":0},"end":{"line":0,"column":0},"skip":true},"2":{"start":{"line":1,"column":0},"end":{"line":null,"column":null}},"3":{"start":{"line":0,"column":0},"end":{"line":0,"column":0},"skip":true},"4":{"start":{"line":2,"column":0},"end":{"line":null,"column":null}},"5":{"start":{"line":0,"column":0},"end":{"line":0,"column":0},"skip":true},"6":{"start":{"line":0,"column":0},"end":{"line":0,"column":0},"skip":true},"7":{"start":{"line":0,"column":0},"end":{"line":0,"column":0},"skip":true},"8":{"start":{"line":31,"column":0},"end":{"line":null,"column":null}},"9":{"start":{"line":32,"column":9},"end":{"line":null,"column":null}},"10":{"start":{"line":37,"column":15},"end":{"line":null,"column":null}}},"branchMap":{"1":{"line":0,"type":"cond-expr","locations":[{"start":{"line":0,"column":0},"end":{"line":0,"column":0},"skip":true},{"start":{"line":0,"column":0},"end":{"line":0,"column":0},"skip":true}]},"2":{"line":0,"type":"binary-expr","locations":[{"start":{"line":0,"column":0},"end":{"line":0,"column":0},"skip":true},{"start":{"line":0,"column":0},"end":{"line":0,"column":0},"skip":true}]},"3":{"line":33,"type":"cond-expr","locations":[{"start":{"line":33,"column":6},"end":{"line":32,"column":9}},{"start":{"line":34,"column":6},"end":{"line":32,"column":2}}]}}},"/Users/samundra.dhakal/Desktop/personal/Uni/SoftwareTesting/src/isArguments.js":{"path":"/Users/samundra.dhakal/Desktop/personal/Uni/SoftwareTesting/src/isArguments.js","s":{"1":1,"2":1,"3":1,"4":1,"5":1,"6":1,"7":2,"8":1,"9":0,"10":1},"b":{"1":[2,0],"2":[2,2],"3":[0,0]},"f":{"1":2,"2":0},"fnMap":{"1":{"name":"_interopRequireDefault","line":0,"loc":{"start":{"line":0,"column":0},"end":{"line":0,"column":0}},"skip":true},"2":{"name":"isArguments","line":19,"loc":{"start":{"line":19,"column":0},"end":{"line":19,"column":28}}}},"statementMap":{"1":{"start":{"line":0,"column":0},"end":{"line":0,"column":0},"skip":true},"2":{"start":{"line":1,"column":0},"end":{"line":null,"column":null}},"3":{"start":{"line":0,"column":0},"end":{"line":0,"column":0},"skip":true},"4":{"start":{"line":2,"column":0},"end":{"line":null,"column":null}},"5":{"start":{"line":0,"column":0},"end":{"line":0,"column":0},"skip":true},"6":{"start":{"line":0,"column":0},"end":{"line":0,"column":0},"skip":true},"7":{"start":{"line":0,"column":0},"end":{"line":0,"column":0},"skip":true},"8":{"start":{"line":19,"column":0},"end":{"line":null,"column":null}},"9":{"start":{"line":20,"column":9},"end":{"line":null,"column":null}},"10":{"start":{"line":23,"column":15},"end":{"line":null,"column":null}}},"branchMap":{"1":{"line":0,"type":"cond-expr","locations":[{"start":{"line":0,"column":0},"end":{"line":0,"column":0},"skip":true},{"start":{"line":0,"column":0},"end":{"line":0,"column":0},"skip":true}]},"2":{"line":0,"type":"binary-expr","locations":[{"start":{"line":0,"column":0},"end":{"line":0,"column":0},"skip":true},{"start":{"line":0,"column":0},"end":{"line":0,"column":0},"skip":true}]},"3":{"line":20,"type":"binary-expr","locations":[{"start":{"line":20,"column":9},"end":{"line":20,"column":32}},{"start":{"line":20,"column":32},"end":{"line":20,"column":2}}]}}},"/Users/samundra.dhakal/Desktop/personal/Uni/SoftwareTesting/src/isObjectLike.js":{"path":"/Users/samundra.dhakal/Desktop/personal/Uni/SoftwareTesting/src/isObjectLike.js","s":{"1":1,"2":1,"3":0,"4":0,"5":1,"6":0,"7":1},"b":{"1":[1,0],"2":[1,1],"3":[0,0],"4":[0,0,0,0],"5":[0,0],"6":[0,0]},"f":{"1":0,"2":0,"3":0},"fnMap":{"1":{"name":"(anonymous_1)","line":0,"loc":{"start":{"line":0,"column":0},"end":{"line":0,"column":0}},"skip":true},"2":{"name":"(anonymous_2)","line":0,"loc":{"start":{"line":0,"column":0},"end":{"line":0,"column":0}},"skip":true},"3":{"name":"isObjectLike","line":23,"loc":{"start":{"line":23,"column":0},"end":{"line":23,"column":29}}}},"statementMap":{"1":{"start":{"line":0,"column":0},"end":{"line":0,"column":0},"skip":true},"2":{"start":{"line":0,"column":0},"end":{"line":0,"column":0},"skip":true},"3":{"start":{"line":0,"column":0},"end":{"line":0,"column":0},"skip":true},"4":{"start":{"line":0,"column":0},"end":{"line":0,"column":0},"skip":true},"5":{"start":{"line":23,"column":0},"end":{"line":null,"column":null}},"6":{"start":{"line":24,"column":9},"end":{"line":null,"column":null}},"7":{"start":{"line":27,"column":15},"end":{"line":null,"column":null}}},"branchMap":{"1":{"line":0,"type":"cond-expr","locations":[{"start":{"line":0,"column":0},"end":{"line":0,"column":0},"skip":true},{"start":{"line":0,"column":0},"end":{"line":0,"column":0},"skip":true}]},"2":{"line":0,"type":"binary-expr","locations":[{"start":{"line":0,"column":0},"end":{"line":0,"column":0},"skip":true},{"start":{"line":0,"column":0},"end":{"line":0,"column":0},"skip":true}]},"3":{"line":0,"type":"cond-expr","locations":[{"start":{"line":0,"column":0},"end":{"line":0,"column":0},"skip":true},{"start":{"line":0,"column":0},"end":{"line":0,"column":0},"skip":true}]},"4":{"line":0,"type":"binary-expr","locations":[{"start":{"line":0,"column":0},"end":{"line":0,"column":0},"skip":true},{"start":{"line":0,"column":0},"end":{"line":0,"column":0},"skip":true},{"start":{"line":0,"column":0},"end":{"line":0,"column":0},"skip":true},{"start":{"line":0,"column":0},"end":{"line":0,"column":0},"skip":true}]},"5":{"line":24,"type":"binary-expr","locations":[{"start":{"line":24,"column":9},"end":{"line":24,"column":9}},{"start":{"line":24,"column":38},"end":{"line":24,"column":2}}]},"6":{"line":24,"type":"cond-expr","locations":[{"start":{"line":24,"column":16},"end":{"line":24,"column":16}},{"start":{"line":24,"column":16},"end":{"line":24,"column":26}}]}}},"/Users/samundra.dhakal/Desktop/personal/Uni/SoftwareTesting/src/isBuffer.js":{"path":"/Users/samundra.dhakal/Desktop/personal/Uni/SoftwareTesting/src/isBuffer.js","s":{"1":1,"2":1,"3":2,"4":0,"5":1,"6":1,"7":1,"8":1,"9":1,"10":1,"11":1,"12":1,"13":1,"14":1,"15":0,"16":1},"b":{"1":[1,0],"2":[1,1],"3":[0,0],"4":[0,0,0,0],"5":[1,0],"6":[1,1],"7":[1,1,1,1],"8":[0,1],"9":[1,1,1,1,1],"10":[0,1],"11":[1,1],"12":[1,0],"13":[1,0],"14":[1,0]},"f":{"1":2,"2":0,"3":1,"4":0},"fnMap":{"1":{"name":"(anonymous_1)","line":0,"loc":{"start":{"line":0,"column":0},"end":{"line":0,"column":0}},"skip":true},"2":{"name":"(anonymous_2)","line":0,"loc":{"start":{"line":0,"column":0},"end":{"line":0,"column":0}},"skip":true},"3":{"name":"_interopRequireDefault","line":0,"loc":{"start":{"line":0,"column":0},"end":{"line":0,"column":0}},"skip":true},"4":{"name":"(anonymous_4)","line":33,"loc":{"start":{"line":33,"column":36},"end":{"line":null,"column":null}}}},"statementMap":{"1":{"start":{"line":0,"column":0},"end":{"line":0,"column":0},"skip":true},"2":{"start":{"line":0,"column":0},"end":{"line":0,"column":0},"skip":true},"3":{"start":{"line":0,"column":0},"end":{"line":0,"column":0},"skip":true},"4":{"start":{"line":0,"column":0},"end":{"line":0,"column":0},"skip":true},"5":{"start":{"line":1,"column":0},"end":{"line":null,"column":null}},"6":{"start":{"line":0,"column":0},"end":{"line":0,"column":0},"skip":true},"7":{"start":{"line":0,"column":0},"end":{"line":0,"column":0},"skip":true},"8":{"start":{"line":0,"column":0},"end":{"line":0,"column":0},"skip":true},"9":{"start":{"line":4,"column":0},"end":{"line":null,"column":null}},"10":{"start":{"line":7,"column":0},"end":{"line":null,"column":null}},"11":{"start":{"line":10,"column":0},"end":{"line":null,"column":null}},"12":{"start":{"line":13,"column":0},"end":{"line":null,"column":null}},"13":{"start":{"line":16,"column":0},"end":{"line":null,"column":null}},"14":{"start":{"line":33,"column":0},"end":{"line":null,"column":null}},"15":{"start":{"line":33,"column":42},"end":{"line":null,"column":null}},"16":{"start":{"line":35,"column":15},"end":{"line":null,"column":null}}},"branchMap":{"1":{"line":0,"type":"cond-expr","locations":[{"start":{"line":0,"column":0},"end":{"line":0,"column":0},"skip":true},{"start":{"line":0,"column":0},"end":{"line":0,"column":0},"skip":true}]},"2":{"line":0,"type":"binary-expr","locations":[{"start":{"line":0,"column":0},"end":{"line":0,"column":0},"skip":true},{"start":{"line":0,"column":0},"end":{"line":0,"column":0},"skip":true}]},"3":{"line":0,"type":"cond-expr","locations":[{"start":{"line":0,"column":0},"end":{"line":0,"column":0},"skip":true},{"start":{"line":0,"column":0},"end":{"line":0,"column":0},"skip":true}]},"4":{"line":0,"type":"binary-expr","locations":[{"start":{"line":0,"column":0},"end":{"line":0,"column":0},"skip":true},{"start":{"line":0,"column":0},"end":{"line":0,"column":0},"skip":true},{"start":{"line":0,"column":0},"end":{"line":0,"column":0},"skip":true},{"start":{"line":0,"column":0},"end":{"line":0,"column":0},"skip":true}]},"5":{"line":0,"type":"cond-expr","locations":[{"start":{"line":0,"column":0},"end":{"line":0,"column":0},"skip":true},{"start":{"line":0,"column":0},"end":{"line":0,"column":0},"skip":true}]},"6":{"line":0,"type":"binary-expr","locations":[{"start":{"line":0,"column":0},"end":{"line":0,"column":0},"skip":true},{"start":{"line":0,"column":0},"end":{"line":0,"column":0},"skip":true}]},"7":{"line":4,"type":"binary-expr","locations":[{"start":{"line":4,"column":20},"end":{"line":4,"column":20}},{"start":{"line":4,"column":51},"end":{"line":4,"column":20}},{"start":{"line":4,"column":71},"end":{"line":4,"column":20}},{"start":{"line":4,"column":92},"end":{"line":4,"column":0}}]},"8":{"line":4,"type":"cond-expr","locations":[{"start":{"line":4,"column":27},"end":{"line":4,"column":27}},{"start":{"line":4,"column":27},"end":{"line":4,"column":39}}]},"9":{"line":7,"type":"binary-expr","locations":[{"start":{"line":7,"column":19},"end":{"line":7,"column":34}},{"start":{"line":7,"column":34},"end":{"line":7,"column":19}},{"start":{"line":7,"column":64},"end":{"line":7,"column":19}},{"start":{"line":7,"column":83},"end":{"line":7,"column":19}},{"start":{"line":7,"column":103},"end":{"line":7,"column":0}}]},"10":{"line":7,"type":"cond-expr","locations":[{"start":{"line":7,"column":41},"end":{"line":7,"column":41}},{"start":{"line":7,"column":41},"end":{"line":7,"column":52}}]},"11":{"line":10,"type":"binary-expr","locations":[{"start":{"line":10,"column":22},"end":{"line":10,"column":36}},{"start":{"line":10,"column":36},"end":{"line":10,"column":0}}]},"12":{"line":13,"type":"cond-expr","locations":[{"start":{"line":13,"column":31},"end":{"line":13,"column":15}},{"start":{"line":13,"column":45},"end":{"line":13,"column":0}}]},"13":{"line":16,"type":"cond-expr","locations":[{"start":{"line":16,"column":32},"end":{"line":16,"column":23}},{"start":{"line":16,"column":50},"end":{"line":16,"column":0}}]},"14":{"line":33,"type":"binary-expr","locations":[{"start":{"line":33,"column":17},"end":{"line":33,"column":36}},{"start":{"line":33,"column":36},"end":{"line":33,"column":0}}]}}},"/Users/samundra.dhakal/Desktop/personal/Uni/SoftwareTesting/src/isTypedArray.js":{"path":"/Users/samundra.dhakal/Desktop/personal/Uni/SoftwareTesting/src/isTypedArray.js","s":{"1":1,"2":1,"3":1,"4":1,"5":1,"6":1,"7":1,"8":1,"9":3,"10":1,"11":1,"12":1,"13":0,"14":0,"15":1},"b":{"1":[3,0],"2":[3,3],"3":[1,1],"4":[1,0],"5":[0,0]},"f":{"1":3,"2":0,"3":0},"fnMap":{"1":{"name":"_interopRequireDefault","line":0,"loc":{"start":{"line":0,"column":0},"end":{"line":0,"column":0}},"skip":true},"2":{"name":"(anonymous_2)","line":27,"loc":{"start":{"line":27,"column":4},"end":{"line":null,"column":null}}},"3":{"name":"(anonymous_3)","line":28,"loc":{"start":{"line":28,"column":4},"end":{"line":null,"column":null}}}},"statementMap":{"1":{"start":{"line":0,"column":0},"end":{"line":0,"column":0},"skip":true},"2":{"start":{"line":1,"column":0},"end":{"line":null,"column":null}},"3":{"start":{"line":0,"column":0},"end":{"line":0,"column":0},"skip":true},"4":{"start":{"line":2,"column":0},"end":{"line":null,"column":null}},"5":{"start":{"line":0,"column":0},"end":{"line":0,"column":0},"skip":true},"6":{"start":{"line":3,"column":0},"end":{"line":null,"column":null}},"7":{"start":{"line":0,"column":0},"end":{"line":0,"column":0},"skip":true},"8":{"start":{"line":0,"column":0},"end":{"line":0,"column":0},"skip":true},"9":{"start":{"line":0,"column":0},"end":{"line":0,"column":0},"skip":true},"10":{"start":{"line":6,"column":0},"end":{"line":null,"column":null}},"11":{"start":{"line":9,"column":0},"end":{"line":null,"column":null}},"12":{"start":{"line":26,"column":0},"end":{"line":null,"column":null}},"13":{"start":{"line":27,"column":15},"end":{"line":null,"column":null}},"14":{"start":{"line":28,"column":15},"end":{"line":null,"column":null}},"15":{"start":{"line":30,"column":15},"end":{"line":null,"column":null}}},"branchMap":{"1":{"line":0,"type":"cond-expr","locations":[{"start":{"line":0,"column":0},"end":{"line":0,"column":0},"skip":true},{"start":{"line":0,"column":0},"end":{"line":0,"column":0},"skip":true}]},"2":{"line":0,"type":"binary-expr","locations":[{"start":{"line":0,"column":0},"end":{"line":0,"column":0},"skip":true},{"start":{"line":0,"column":0},"end":{"line":0,"column":0},"skip":true}]},"3":{"line":9,"type":"binary-expr","locations":[{"start":{"line":9,"column":25},"end":{"line":9,"column":38}},{"start":{"line":9,"column":38},"end":{"line":9,"column":0}}]},"4":{"line":27,"type":"cond-expr","locations":[{"start":{"line":27,"column":4},"end":{"line":26,"column":21}},{"start":{"line":28,"column":4},"end":{"line":26,"column":0}}]},"5":{"line":28,"type":"binary-expr","locations":[{"start":{"line":28,"column":15},"end":{"line":28,"column":38}},{"start":{"line":28,"column":38},"end":{"line":28,"column":4}}]}}},"/Users/samundra.dhakal/Desktop/personal/Uni/SoftwareTesting/src/isArrayLike.js":{"path":"/Users/samundra.dhakal/Desktop/personal/Uni/SoftwareTesting/src/isArrayLike.js","s":{"1":1,"2":1,"3":1,"4":1,"5":1,"6":1,"7":0,"8":1},"b":{"1":[1,0],"2":[1,1],"3":[0,0,0]},"f":{"1":1,"2":0},"fnMap":{"1":{"name":"_interopRequireDefault","line":0,"loc":{"start":{"line":0,"column":0},"end":{"line":0,"column":0}},"skip":true},"2":{"name":"isArrayLike","line":26,"loc":{"start":{"line":26,"column":0},"end":{"line":26,"column":28}}}},"statementMap":{"1":{"start":{"line":0,"column":0},"end":{"line":0,"column":0},"skip":true},"2":{"start":{"line":1,"column":0},"end":{"line":null,"column":null}},"3":{"start":{"line":0,"column":0},"end":{"line":0,"column":0},"skip":true},"4":{"start":{"line":0,"column":0},"end":{"line":0,"column":0},"skip":true},"5":{"start":{"line":0,"column":0},"end":{"line":0,"column":0},"skip":true},"6":{"start":{"line":26,"column":0},"end":{"line":null,"column":null}},"7":{"start":{"line":27,"column":9},"end":{"line":null,"column":null}},"8":{"start":{"line":30,"column":15},"end":{"line":null,"column":null}}},"branchMap":{"1":{"line":0,"type":"cond-expr","locations":[{"start":{"line":0,"column":0},"end":{"line":0,"column":0},"skip":true},{"start":{"line":0,"column":0},"end":{"line":0,"column":0},"skip":true}]},"2":{"line":0,"type":"binary-expr","locations":[{"start":{"line":0,"column":0},"end":{"line":0,"column":0},"skip":true},{"start":{"line":0,"column":0},"end":{"line":0,"column":0},"skip":true}]},"3":{"line":27,"type":"binary-expr","locations":[{"start":{"line":27,"column":9},"end":{"line":27,"column":9}},{"start":{"line":27,"column":26},"end":{"line":27,"column":9}},{"start":{"line":27,"column":57},"end":{"line":27,"column":2}}]}}},"/Users/samundra.dhakal/Desktop/personal/Uni/SoftwareTesting/src/isLength.js":{"path":"/Users/samundra.dhakal/Desktop/personal/Uni/SoftwareTesting/src/isLength.js","s":{"1":1,"2":1,"3":1,"4":0,"5":1},"b":{"1":[0,0,0,0]},"f":{"1":0},"fnMap":{"1":{"name":"isLength","line":28,"loc":{"start":{"line":28,"column":0},"end":{"line":28,"column":25}}}},"statementMap":{"1":{"start":{"line":0,"column":0},"end":{"line":0,"column":0},"skip":true},"2":{"start":{"line":2,"column":0},"end":{"line":null,"column":null}},"3":{"start":{"line":28,"column":0},"end":{"line":null,"column":null}},"4":{"start":{"line":29,"column":9},"end":{"line":null,"column":null}},"5":{"start":{"line":33,"column":15},"end":{"line":null,"column":null}}},"branchMap":{"1":{"line":29,"type":"binary-expr","locations":[{"start":{"line":29,"column":9},"end":{"line":29,"column":9}},{"start":{"line":30,"column":4},"end":{"line":29,"column":9}},{"start":{"line":30,"column":18},"end":{"line":29,"column":9}},{"start":{"line":30,"column":36},"end":{"line":29,"column":2}}]}}},"/Users/samundra.dhakal/Desktop/personal/Uni/SoftwareTesting/src/drop.js":{"path":"/Users/samundra.dhakal/Desktop/personal/Uni/SoftwareTesting/src/drop.js","s":{"1":1,"2":1,"3":1,"4":1,"5":1,"6":1,"7":2,"8":1,"9":5,"10":5,"11":5,"12":1},"b":{"1":[2,0],"2":[2,2],"3":[4,1],"4":[5,4],"5":[0,5],"6":[3,2],"7":[1,2]},"f":{"1":2,"2":5},"fnMap":{"1":{"name":"_interopRequireDefault","line":0,"loc":{"start":{"line":0,"column":0},"end":{"line":0,"column":0}},"skip":true},"2":{"name":"drop","line":26,"loc":{"start":{"line":26,"column":0},"end":{"line":26,"column":26}}}},"statementMap":{"1":{"start":{"line":0,"column":0},"end":{"line":0,"column":0},"skip":true},"2":{"start":{"line":1,"column":0},"end":{"line":null,"column":null}},"3":{"start":{"line":0,"column":0},"end":{"line":0,"column":0},"skip":true},"4":{"start":{"line":2,"column":0},"end":{"line":null,"column":null}},"5":{"start":{"line":0,"column":0},"end":{"line":0,"column":0},"skip":true},"6":{"start":{"line":0,"column":0},"end":{"line":0,"column":0},"skip":true},"7":{"start":{"line":0,"column":0},"end":{"line":0,"column":0},"skip":true},"8":{"start":{"line":26,"column":0},"end":{"line":null,"column":null}},"9":{"start":{"line":26,"column":21},"end":{"line":null,"column":null}},"10":{"start":{"line":27,"column":8},"end":{"line":null,"column":null}},"11":{"start":{"line":28,"column":9},"end":{"line":null,"column":null}},"12":{"start":{"line":33,"column":15},"end":{"line":null,"column":null}}},"branchMap":{"1":{"line":0,"type":"cond-expr","locations":[{"start":{"line":0,"column":0},"end":{"line":0,"column":0},"skip":true},{"start":{"line":0,"column":0},"end":{"line":0,"column":0},"skip":true}]},"2":{"line":0,"type":"binary-expr","locations":[{"start":{"line":0,"column":0},"end":{"line":0,"column":0},"skip":true},{"start":{"line":0,"column":0},"end":{"line":0,"column":0},"skip":true}]},"3":{"line":26,"type":"cond-expr","locations":[{"start":{"line":26,"column":23},"end":{"line":26,"column":23}},{"start":{"line":26,"column":23},"end":{"line":26,"column":26}}]},"4":{"line":26,"type":"binary-expr","locations":[{"start":{"line":26,"column":23},"end":{"line":26,"column":23}},{"start":{"line":26,"column":23},"end":{"line":26,"column":23}}]},"5":{"line":27,"type":"cond-expr","locations":[{"start":{"line":27,"column":33},"end":{"line":27,"column":17}},{"start":{"line":27,"column":37},"end":{"line":27,"column":2}}]},"6":{"line":29,"type":"cond-expr","locations":[{"start":{"line":29,"column":6},"end":{"line":28,"column":9}},{"start":{"line":30,"column":6},"end":{"line":28,"column":2}}]},"7":{"line":29,"type":"cond-expr","locations":[{"start":{"line":29,"column":27},"end":{"line":29,"column":19}},{"start":{"line":29,"column":31},"end":{"line":29,"column":6}}]}}},"/Users/samundra.dhakal/Desktop/personal/Uni/SoftwareTesting/src/toInteger.js":{"path":"/Users/samundra.dhakal/Desktop/personal/Uni/SoftwareTesting/src/toInteger.js","s":{"1":1,"2":1,"3":1,"4":1,"5":1,"6":1,"7":2,"8":2,"9":2,"10":1},"b":{"1":[1,0],"2":[1,1],"3":[0,2]},"f":{"1":1,"2":2},"fnMap":{"1":{"name":"_interopRequireDefault","line":0,"loc":{"start":{"line":0,"column":0},"end":{"line":0,"column":0}},"skip":true},"2":{"name":"toInteger","line":28,"loc":{"start":{"line":28,"column":0},"end":{"line":28,"column":26}}}},"statementMap":{"1":{"start":{"line":0,"column":0},"end":{"line":0,"column":0},"skip":true},"2":{"start":{"line":1,"column":0},"end":{"line":null,"column":null}},"3":{"start":{"line":0,"column":0},"end":{"line":0,"column":0},"skip":true},"4":{"start":{"line":0,"column":0},"end":{"line":0,"column":0},"skip":true},"5":{"start":{"line":0,"column":0},"end":{"line":0,"column":0},"skip":true},"6":{"start":{"line":28,"column":0},"end":{"line":null,"column":null}},"7":{"start":{"line":29,"column":8},"end":{"line":null,"column":null}},"8":{"start":{"line":30,"column":8},"end":{"line":null,"column":null}},"9":{"start":{"line":32,"column":9},"end":{"line":null,"column":null}},"10":{"start":{"line":35,"column":15},"end":{"line":null,"column":null}}},"branchMap":{"1":{"line":0,"type":"cond-expr","locations":[{"start":{"line":0,"column":0},"end":{"line":0,"column":0},"skip":true},{"start":{"line":0,"column":0},"end":{"line":0,"column":0},"skip":true}]},"2":{"line":0,"type":"binary-expr","locations":[{"start":{"line":0,"column":0},"end":{"line":0,"column":0},"skip":true},{"start":{"line":0,"column":0},"end":{"line":0,"column":0},"skip":true}]},"3":{"line":32,"type":"cond-expr","locations":[{"start":{"line":32,"column":21},"end":{"line":32,"column":9}},{"start":{"line":32,"column":42},"end":{"line":32,"column":2}}]}}},"/Users/samundra.dhakal/Desktop/personal/Uni/SoftwareTesting/src/toFinite.js":{"path":"/Users/samundra.dhakal/Desktop/personal/Uni/SoftwareTesting/src/toFinite.js","s":{"1":1,"2":1,"3":1,"4":1,"5":1,"6":1,"7":1,"8":1,"9":2,"10":0,"11":2,"12":2,"13":0,"14":0,"15":2,"16":1},"b":{"1":[1,0],"2":[1,1],"3":[0,2],"4":[0,0],"5":[0,2],"6":[2,2],"7":[0,0],"8":[2,0]},"f":{"1":1,"2":2},"fnMap":{"1":{"name":"_interopRequireDefault","line":0,"loc":{"start":{"line":0,"column":0},"end":{"line":0,"column":0}},"skip":true},"2":{"name":"toFinite","line":28,"loc":{"start":{"line":28,"column":0},"end":{"line":28,"column":25}}}},"statementMap":{"1":{"start":{"line":0,"column":0},"end":{"line":0,"column":0},"skip":true},"2":{"start":{"line":1,"column":0},"end":{"line":null,"column":null}},"3":{"start":{"line":0,"column":0},"end":{"line":0,"column":0},"skip":true},"4":{"start":{"line":0,"column":0},"end":{"line":0,"column":0},"skip":true},"5":{"start":{"line":0,"column":0},"end":{"line":0,"column":0},"skip":true},"6":{"start":{"line":4,"column":0},"end":{"line":null,"column":null}},"7":{"start":{"line":5,"column":0},"end":{"line":null,"column":null}},"8":{"start":{"line":28,"column":0},"end":{"line":null,"column":null}},"9":{"start":{"line":29,"column":6},"end":{"line":null,"column":null}},"10":{"start":{"line":30,"column":11},"end":{"line":null,"column":null}},"11":{"start":{"line":32,"column":10},"end":{"line":null,"column":null}},"12":{"start":{"line":33,"column":6},"end":{"line":null,"column":null}},"13":{"start":{"line":34,"column":10},"end":{"line":null,"column":null}},"14":{"start":{"line":35,"column":11},"end":{"line":null,"column":null}},"15":{"start":{"line":37,"column":9},"end":{"line":null,"column":null}},"16":{"start":{"line":40,"column":15},"end":{"line":null,"column":null}}},"branchMap":{"1":{"line":0,"type":"cond-expr","locations":[{"start":{"line":0,"column":0},"end":{"line":0,"column":0},"skip":true},{"start":{"line":0,"column":0},"end":{"line":0,"column":0},"skip":true}]},"2":{"line":0,"type":"binary-expr","locations":[{"start":{"line":0,"column":0},"end":{"line":0,"column":0},"skip":true},{"start":{"line":0,"column":0},"end":{"line":0,"column":0},"skip":true}]},"3":{"line":29,"type":"if","locations":[{"start":{"line":29,"column":6},"end":{"line":29,"column":6}},{"start":{"line":29,"column":6},"end":{"line":29,"column":6}}]},"4":{"line":30,"type":"cond-expr","locations":[{"start":{"line":30,"column":25},"end":{"line":30,"column":11}},{"start":{"line":30,"column":33},"end":{"line":30,"column":4}}]},"5":{"line":33,"type":"if","locations":[{"start":{"line":33,"column":6},"end":{"line":33,"column":6}},{"start":{"line":33,"column":6},"end":{"line":33,"column":6}}]},"6":{"line":33,"type":"binary-expr","locations":[{"start":{"line":33,"column":6},"end":{"line":33,"column":6}},{"start":{"line":33,"column":28},"end":{"line":33,"column":2}}]},"7":{"line":34,"type":"cond-expr","locations":[{"start":{"line":34,"column":30},"end":{"line":34,"column":18}},{"start":{"line":34,"column":35},"end":{"line":34,"column":4}}]},"8":{"line":37,"type":"cond-expr","locations":[{"start":{"line":37,"column":27},"end":{"line":37,"column":9}},{"start":{"line":37,"column":35},"end":{"line":37,"column":2}}]}}},"/Users/samundra.dhakal/Desktop/personal/Uni/SoftwareTesting/src/toNumber.js":{"path":"/Users/samundra.dhakal/Desktop/personal/Uni/SoftwareTesting/src/toNumber.js","s":{"1":1,"2":1,"3":1,"4":1,"5":1,"6":1,"7":2,"8":1,"9":1,"10":1,"11":1,"12":1,"13":1,"14":1,"15":11,"16":1,"17":10,"18":1,"19":9,"20":2,"21":2,"22":9,"23":1,"24":8,"25":8,"26":8,"27":1},"b":{"1":[2,0],"2":[2,2],"3":[1,10],"4":[1,9],"5":[2,7],"6":[2,0],"7":[2,0],"8":[1,8],"9":[0,1],"10":[3,5],"11":[8,6],"12":[2,1],"13":[0,5]},"f":{"1":2,"2":11},"fnMap":{"1":{"name":"_interopRequireDefault","line":0,"loc":{"start":{"line":0,"column":0},"end":{"line":0,"column":0}},"skip":true},"2":{"name":"toNumber","line":44,"loc":{"start":{"line":44,"column":0},"end":{"line":44,"column":25}}}},"statementMap":{"1":{"start":{"line":0,"column":0},"end":{"line":0,"column":0},"skip":true},"2":{"start":{"line":1,"column":0},"end":{"line":null,"column":null}},"3":{"start":{"line":0,"column":0},"end":{"line":0,"column":0},"skip":true},"4":{"start":{"line":2,"column":0},"end":{"line":null,"column":null}},"5":{"start":{"line":0,"column":0},"end":{"line":0,"column":0},"skip":true},"6":{"start":{"line":0,"column":0},"end":{"line":0,"column":0},"skip":true},"7":{"start":{"line":0,"column":0},"end":{"line":0,"column":0},"skip":true},"8":{"start":{"line":5,"column":0},"end":{"line":null,"column":null}},"9":{"start":{"line":8,"column":0},"end":{"line":null,"column":null}},"10":{"start":{"line":11,"column":0},"end":{"line":null,"column":null}},"11":{"start":{"line":14,"column":0},"end":{"line":null,"column":null}},"12":{"start":{"line":17,"column":0},"end":{"line":null,"column":null}},"13":{"start":{"line":20,"column":0},"end":{"line":null,"column":null}},"14":{"start":{"line":44,"column":0},"end":{"line":null,"column":null}},"15":{"start":{"line":45,"column":6},"end":{"line":null,"column":null}},"16":{"start":{"line":46,"column":11},"end":{"line":null,"column":null}},"17":{"start":{"line":48,"column":6},"end":{"line":null,"column":null}},"18":{"start":{"line":49,"column":11},"end":{"line":null,"column":null}},"19":{"start":{"line":51,"column":6},"end":{"line":null,"column":null}},"20":{"start":{"line":52,"column":10},"end":{"line":null,"column":null}},"21":{"start":{"line":53,"column":12},"end":{"line":null,"column":null}},"22":{"start":{"line":55,"column":6},"end":{"line":null,"column":null}},"23":{"start":{"line":56,"column":11},"end":{"line":null,"column":null}},"24":{"start":{"line":58,"column":10},"end":{"line":null,"column":null}},"25":{"start":{"line":59,"column":8},"end":{"line":null,"column":null}},"26":{"start":{"line":60,"column":10},"end":{"line":null,"column":null}},"27":{"start":{"line":65,"column":15},"end":{"line":null,"column":null}}},"branchMap":{"1":{"line":0,"type":"cond-expr","locations":[{"start":{"line":0,"column":0},"end":{"line":0,"column":0},"skip":true},{"start":{"line":0,"column":0},"end":{"line":0,"column":0},"skip":true}]},"2":{"line":0,"type":"binary-expr","locations":[{"start":{"line":0,"column":0},"end":{"line":0,"column":0},"skip":true},{"start":{"line":0,"column":0},"end":{"line":0,"column":0},"skip":true}]},"3":{"line":45,"type":"if","locations":[{"start":{"line":45,"column":6},"end":{"line":45,"column":6}},{"start":{"line":45,"column":6},"end":{"line":45,"column":6}}]},"4":{"line":48,"type":"if","locations":[{"start":{"line":48,"column":6},"end":{"line":48,"column":6}},{"start":{"line":48,"column":6},"end":{"line":48,"column":6}}]},"5":{"line":51,"type":"if","locations":[{"start":{"line":51,"column":6},"end":{"line":51,"column":6}},{"start":{"line":51,"column":6},"end":{"line":51,"column":6}}]},"6":{"line":52,"type":"cond-expr","locations":[{"start":{"line":52,"column":56},"end":{"line":52,"column":18}},{"start":{"line":52,"column":74},"end":{"line":52,"column":4}}]},"7":{"line":53,"type":"cond-expr","locations":[{"start":{"line":53,"column":33},"end":{"line":53,"column":12}},{"start":{"line":53,"column":43},"end":{"line":53,"column":4}}]},"8":{"line":55,"type":"if","locations":[{"start":{"line":55,"column":6},"end":{"line":55,"column":6}},{"start":{"line":55,"column":6},"end":{"line":55,"column":6}}]},"9":{"line":56,"type":"cond-expr","locations":[{"start":{"line":56,"column":25},"end":{"line":56,"column":11}},{"start":{"line":56,"column":33},"end":{"line":56,"column":4}}]},"10":{"line":61,"type":"cond-expr","locations":[{"start":{"line":61,"column":6},"end":{"line":60,"column":9}},{"start":{"line":62,"column":7},"end":{"line":60,"column":2}}]},"11":{"line":60,"type":"binary-expr","locations":[{"start":{"line":60,"column":10},"end":{"line":60,"column":22}},{"start":{"line":60,"column":22},"end":{"line":60,"column":9}}]},"12":{"line":61,"type":"cond-expr","locations":[{"start":{"line":61,"column":46},"end":{"line":61,"column":35}},{"start":{"line":61,"column":50},"end":{"line":61,"column":6}}]},"13":{"line":62,"type":"cond-expr","locations":[{"start":{"line":62,"column":32},"end":{"line":62,"column":7}},{"start":{"line":62,"column":38},"end":{"line":60,"column":2}}]}}},"/Users/samundra.dhakal/Desktop/personal/Uni/SoftwareTesting/src/isObject.js":{"path":"/Users/samundra.dhakal/Desktop/personal/Uni/SoftwareTesting/src/isObject.js","s":{"1":1,"2":1,"3":10,"4":0,"5":1,"6":11,"7":11,"8":1},"b":{"1":[1,0],"2":[1,1],"3":[0,0],"4":[0,0,0,0],"5":[1,10],"6":[11,10,6]},"f":{"1":10,"2":0,"3":11},"fnMap":{"1":{"name":"(anonymous_1)","line":0,"loc":{"start":{"line":0,"column":0},"end":{"line":0,"column":0}},"skip":true},"2":{"name":"(anonymous_2)","line":0,"loc":{"start":{"line":0,"column":0},"end":{"line":0,"column":0}},"skip":true},"3":{"name":"isObject","line":24,"loc":{"start":{"line":24,"column":0},"end":{"line":24,"column":25}}}},"statementMap":{"1":{"start":{"line":0,"column":0},"end":{"line":0,"column":0},"skip":true},"2":{"start":{"line":0,"column":0},"end":{"line":0,"column":0},"skip":true},"3":{"start":{"line":0,"column":0},"end":{"line":0,"column":0},"skip":true},"4":{"start":{"line":0,"column":0},"end":{"line":0,"column":0},"skip":true},"5":{"start":{"line":24,"column":0},"end":{"line":null,"column":null}},"6":{"start":{"line":25,"column":8},"end":{"line":null,"column":null}},"7":{"start":{"line":26,"column":9},"end":{"line":null,"column":null}},"8":{"start":{"line":29,"column":15},"end":{"line":null,"column":null}}},"branchMap":{"1":{"line":0,"type":"cond-expr","locations":[{"start":{"line":0,"column":0},"end":{"line":0,"column":0},"skip":true},{"start":{"line":0,"column":0},"end":{"line":0,"column":0},"skip":true}]},"2":{"line":0,"type":"binary-expr","locations":[{"start":{"line":0,"column":0},"end":{"line":0,"column":0},"skip":true},{"start":{"line":0,"column":0},"end":{"line":0,"column":0},"skip":true}]},"3":{"line":0,"type":"cond-expr","locations":[{"start":{"line":0,"column":0},"end":{"line":0,"column":0},"skip":true},{"start":{"line":0,"column":0},"end":{"line":0,"column":0},"skip":true}]},"4":{"line":0,"type":"binary-expr","locations":[{"start":{"line":0,"column":0},"end":{"line":0,"column":0},"skip":true},{"start":{"line":0,"column":0},"end":{"line":0,"column":0},"skip":true},{"start":{"line":0,"column":0},"end":{"line":0,"column":0},"skip":true},{"start":{"line":0,"column":0},"end":{"line":0,"column":0},"skip":true}]},"5":{"line":25,"type":"cond-expr","locations":[{"start":{"line":25,"column":22},"end":{"line":25,"column":22}},{"start":{"line":25,"column":22},"end":{"line":25,"column":2}}]},"6":{"line":26,"type":"binary-expr","locations":[{"start":{"line":26,"column":9},"end":{"line":26,"column":9}},{"start":{"line":26,"column":27},"end":{"line":26,"column":27}},{"start":{"line":26,"column":48},"end":{"line":26,"column":9}}]}}},"/Users/samundra.dhakal/Desktop/personal/Uni/SoftwareTesting/src/filter.js":{"path":"/Users/samundra.dhakal/Desktop/personal/Uni/SoftwareTesting/src/filter.js","s":{"1":1,"2":1,"3":7,"4":7,"5":7,"6":7,"7":7,"8":5,"9":5,"10":2,"11":5,"12":1},"b":{"1":[1,6],"2":[2,1]},"f":{"1":7},"fnMap":{"1":{"name":"filter","line":24,"loc":{"start":{"line":24,"column":0},"end":{"line":24,"column":34}}}},"statementMap":{"1":{"start":{"line":0,"column":0},"end":{"line":0,"column":0},"skip":true},"2":{"start":{"line":24,"column":0},"end":{"line":null,"column":null}},"3":{"start":{"line":25,"column":6},"end":{"line":null,"column":null}},"4":{"start":{"line":26,"column":6},"end":{"line":null,"column":null}},"5":{"start":{"line":27,"column":8},"end":{"line":null,"column":null}},"6":{"start":{"line":28,"column":8},"end":{"line":null,"column":null}},"7":{"start":{"line":30,"column":9},"end":{"line":null,"column":null}},"8":{"start":{"line":31,"column":10},"end":{"line":null,"column":null}},"9":{"start":{"line":32,"column":8},"end":{"line":null,"column":null}},"10":{"start":{"line":33,"column":13},"end":{"line":null,"column":null}},"11":{"start":{"line":36,"column":9},"end":{"line":null,"column":null}},"12":{"start":{"line":39,"column":15},"end":{"line":null,"column":null}}},"branchMap":{"1":{"line":27,"type":"cond-expr","locations":[{"start":{"line":27,"column":33},"end":{"line":27,"column":17}},{"start":{"line":27,"column":37},"end":{"line":27,"column":2}}]},"2":{"line":32,"type":"if","locations":[{"start":{"line":32,"column":8},"end":{"line":32,"column":8}},{"start":{"line":32,"column":8},"end":{"line":32,"column":8}}]}}},"/Users/samundra.dhakal/Desktop/personal/Uni/SoftwareTesting/src/isDate.js":{"path":"/Users/samundra.dhakal/Desktop/personal/Uni/SoftwareTesting/src/isDate.js","s":{"1":1,"2":1,"3":1,"4":1,"5":1,"6":1,"7":1,"8":1,"9":3,"10":1,"11":1,"12":8,"13":0,"14":1},"b":{"1":[3,0],"2":[3,3],"3":[1,1],"4":[1,0],"5":[0,0]},"f":{"1":3,"2":8,"3":0},"fnMap":{"1":{"name":"_interopRequireDefault","line":0,"loc":{"start":{"line":0,"column":0},"end":{"line":0,"column":0}},"skip":true},"2":{"name":"(anonymous_2)","line":24,"loc":{"start":{"line":24,"column":4},"end":{"line":null,"column":null}}},"3":{"name":"(anonymous_3)","line":25,"loc":{"start":{"line":25,"column":4},"end":{"line":null,"column":null}}}},"statementMap":{"1":{"start":{"line":0,"column":0},"end":{"line":0,"column":0},"skip":true},"2":{"start":{"line":1,"column":0},"end":{"line":null,"column":null}},"3":{"start":{"line":0,"column":0},"end":{"line":0,"column":0},"skip":true},"4":{"start":{"line":2,"column":0},"end":{"line":null,"column":null}},"5":{"start":{"line":0,"column":0},"end":{"line":0,"column":0},"skip":true},"6":{"start":{"line":3,"column":0},"end":{"line":null,"column":null}},"7":{"start":{"line":0,"column":0},"end":{"line":0,"column":0},"skip":true},"8":{"start":{"line":0,"column":0},"end":{"line":0,"column":0},"skip":true},"9":{"start":{"line":0,"column":0},"end":{"line":0,"column":0},"skip":true},"10":{"start":{"line":6,"column":0},"end":{"line":null,"column":null}},"11":{"start":{"line":23,"column":0},"end":{"line":null,"column":null}},"12":{"start":{"line":24,"column":15},"end":{"line":null,"column":null}},"13":{"start":{"line":25,"column":15},"end":{"line":null,"column":null}},"14":{"start":{"line":27,"column":15},"end":{"line":null,"column":null}}},"branchMap":{"1":{"line":0,"type":"cond-expr","locations":[{"start":{"line":0,"column":0},"end":{"line":0,"column":0},"skip":true},{"start":{"line":0,"column":0},"end":{"line":0,"column":0},"skip":true}]},"2":{"line":0,"type":"binary-expr","locations":[{"start":{"line":0,"column":0},"end":{"line":0,"column":0},"skip":true},{"start":{"line":0,"column":0},"end":{"line":0,"column":0},"skip":true}]},"3":{"line":6,"type":"binary-expr","locations":[{"start":{"line":6,"column":19},"end":{"line":6,"column":32}},{"start":{"line":6,"column":32},"end":{"line":6,"column":0}}]},"4":{"line":24,"type":"cond-expr","locations":[{"start":{"line":24,"column":4},"end":{"line":23,"column":15}},{"start":{"line":25,"column":4},"end":{"line":23,"column":0}}]},"5":{"line":25,"type":"binary-expr","locations":[{"start":{"line":25,"column":15},"end":{"line":25,"column":38}},{"start":{"line":25,"column":38},"end":{"line":25,"column":4}}]}}},"/Users/samundra.dhakal/Desktop/personal/Uni/SoftwareTesting/src/map.js":{"path":"/Users/samundra.dhakal/Desktop/personal/Uni/SoftwareTesting/src/map.js","s":{"1":1,"2":1,"3":4,"4":4,"5":4,"6":4,"7":4,"8":4,"9":1},"b":{"1":[2,2]},"f":{"1":4},"fnMap":{"1":{"name":"map","line":19,"loc":{"start":{"line":19,"column":0},"end":{"line":19,"column":30}}}},"statementMap":{"1":{"start":{"line":0,"column":0},"end":{"line":0,"column":0},"skip":true},"2":{"start":{"line":19,"column":0},"end":{"line":null,"column":null}},"3":{"start":{"line":20,"column":6},"end":{"line":null,"column":null}},"4":{"start":{"line":21,"column":8},"end":{"line":null,"column":null}},"5":{"start":{"line":22,"column":8},"end":{"line":null,"column":null}},"6":{"start":{"line":24,"column":9},"end":{"line":null,"column":null}},"7":{"start":{"line":25,"column":11},"end":{"line":null,"column":null}},"8":{"start":{"line":27,"column":9},"end":{"line":null,"column":null}},"9":{"start":{"line":30,"column":15},"end":{"line":null,"column":null}}},"branchMap":{"1":{"line":21,"type":"cond-expr","locations":[{"start":{"line":21,"column":33},"end":{"line":21,"column":17}},{"start":{"line":21,"column":37},"end":{"line":21,"column":2}}]}}}}