TN:
SF:/Users/samundra.dhakal/Desktop/personal/Uni/SoftwareTesting/src/add.js
FN:16,(anonymous_2)
FNF:1
FNH:1
FNDA:6,(anonymous_2)
DA:1,1
DA:16,6
DA:18,1
LF:3
LH:3
BRF:0
BRH:0
end_of_record
TN:
SF:/Users/samundra.dhakal/Desktop/personal/Uni/SoftwareTesting/src/isSymbol.js
FN:18,isSymbol
FNF:1
FNH:1
FNDA:11,isSymbol
DA:1,1
DA:18,1
DA:19,11
DA:20,11
DA:23,1
LF:5
LH:5
BRDA:19,7,0,1
BRDA:19,7,1,10
BRDA:20,8,0,11
BRDA:20,8,1,10
BRDA:20,8,2,2
BRDA:20,8,3,2
BRF:6
BRH:6
end_of_record
TN:
SF:/Users/samundra.dhakal/Desktop/personal/Uni/SoftwareTesting/src/capitalize.js
FN:17,capitalize
FNF:1
FNH:1
FNDA:2,capitalize
DA:1,1
DA:2,1
DA:17,2
DA:20,1
LF:4
LH:4
BRF:0
BRH:0
end_of_record
TN:
SF:/Users/samundra.dhakal/Desktop/personal/Uni/SoftwareTesting/src/upperFirst.js
FNF:0
FNH:0
DA:1,1
DA:19,1
DA:21,1
LF:3
LH:3
BRF:0
BRH:0
end_of_record
TN:
SF:/Users/samundra.dhakal/Desktop/personal/Uni/SoftwareTesting/src/slice.js
FN:21,slice
FNF:1
FNH:1
FNDA:3,slice
DA:21,1
DA:22,3
DA:23,3
DA:24,0
DA:26,3
DA:27,3
DA:29,3
DA:30,0
DA:32,3
DA:33,0
DA:35,3
DA:36,3
DA:38,3
DA:39,3
DA:40,3
DA:41,4
DA:43,3
DA:46,1
LF:18
LH:15
BRDA:22,1,0,0
BRDA:22,1,1,3
BRDA:23,2,0,0
BRDA:23,2,1,3
BRDA:26,3,0,0
BRDA:26,3,1,3
BRDA:27,4,0,0
BRDA:27,4,1,3
BRDA:29,5,0,0
BRDA:29,5,1,3
BRDA:30,6,0,0
BRDA:30,6,1,0
BRDA:32,7,0,0
BRDA:32,7,1,3
BRDA:35,8,0,0
BRDA:35,8,1,3
BRF:16
BRH:7
end_of_record
TN:
SF:/Users/samundra.dhakal/Desktop/personal/Uni/SoftwareTesting/src/toString.js
FN:25,toString
FN:33,(anonymous_3)
FNF:2
FNH:1
FNDA:2,toString
FNDA:0,(anonymous_3)
DA:1,1
DA:4,1
DA:25,1
DA:28,2
DA:29,2
DA:31,0
DA:33,0
DA:35,0
DA:36,0
DA:38,0
DA:39,0
DA:42,1
LF:12
LH:6
BRDA:28,3,0,2
BRDA:28,3,1,0
BRDA:31,4,0,0
BRDA:31,4,1,0
BRDA:33,5,0,0
BRDA:33,5,1,0
BRDA:35,6,0,0
BRDA:35,6,1,0
BRDA:39,7,0,0
BRDA:39,7,1,0
BRDA:39,8,0,0
BRDA:39,8,1,0
BRF:12
BRH:1
end_of_record
TN:
SF:/Users/samundra.dhakal/Desktop/personal/Uni/SoftwareTesting/src/ceil.js
FNF:0
FNH:0
DA:1,1
DA:22,1
DA:24,1
LF:3
LH:3
BRF:0
BRH:0
end_of_record
TN:
SF:/Users/samundra.dhakal/Desktop/personal/Uni/SoftwareTesting/src/compact.js
FN:14,compact
FNF:1
FNH:1
FNDA:4,compact
DA:14,1
DA:15,4
DA:16,4
DA:18,12
DA:19,12
DA:20,6
DA:23,3
DA:26,1
LF:8
LH:8
BRDA:19,1,0,6
BRDA:19,1,1,6
BRF:2
BRH:2
end_of_record
TN:
SF:/Users/samundra.dhakal/Desktop/personal/Uni/SoftwareTesting/src/countBy.js
FN:29,countBy
FN:30,(anonymous_3)
FNF:2
FNH:2
FNDA:3,countBy
FNDA:5,(anonymous_3)
DA:1,1
DA:2,1
DA:5,1
DA:29,1
DA:30,3
DA:31,5
DA:32,3
DA:33,1
DA:35,2
DA:37,3
DA:41,1
LF:11
LH:11
BRDA:32,3,0,1
BRDA:32,3,1,2
BRF:2
BRH:2
end_of_record
TN:
SF:/Users/samundra.dhakal/Desktop/personal/Uni/SoftwareTesting/src/reduce.js
FN:38,reduce
FNF:1
FNH:1
FNDA:3,reduce
DA:1,1
DA:2,1
DA:3,1
DA:38,1
DA:39,3
DA:40,3
DA:41,3
DA:44,1
LF:8
LH:8
BRDA:39,3,0,3
BRDA:39,3,1,0
BRF:2
BRH:1
end_of_record
TN:
SF:/Users/samundra.dhakal/Desktop/personal/Uni/SoftwareTesting/src/keys.js
FN:31,keys
FNF:1
FNH:0
FNDA:0,keys
DA:1,1
DA:2,1
DA:31,1
DA:32,0
DA:37,1
LF:5
LH:4
BRDA:33,3,0,0
BRDA:33,3,1,0
BRF:2
BRH:0
end_of_record
TN:
SF:/Users/samundra.dhakal/Desktop/personal/Uni/SoftwareTesting/src/isArguments.js
FN:19,isArguments
FNF:1
FNH:0
FNDA:0,isArguments
DA:1,1
DA:2,1
DA:19,1
DA:20,0
DA:23,1
LF:5
LH:4
BRDA:20,3,0,0
BRDA:20,3,1,0
BRF:2
BRH:0
end_of_record
TN:
SF:/Users/samundra.dhakal/Desktop/personal/Uni/SoftwareTesting/src/isObjectLike.js
FN:23,isObjectLike
FNF:1
FNH:0
FNDA:0,isObjectLike
DA:23,1
DA:24,0
DA:27,1
LF:3
LH:2
BRDA:24,5,0,0
BRDA:24,5,1,0
BRDA:24,6,0,0
BRDA:24,6,1,0
BRF:4
BRH:0
end_of_record
TN:
SF:/Users/samundra.dhakal/Desktop/personal/Uni/SoftwareTesting/src/isBuffer.js
FN:33,(anonymous_4)
FNF:1
FNH:0
FNDA:0,(anonymous_4)
DA:1,1
DA:4,1
DA:7,1
DA:10,1
DA:13,1
DA:16,1
DA:33,1
DA:35,1
LF:8
LH:8
BRDA:4,7,0,1
BRDA:4,7,1,1
BRDA:4,7,2,1
BRDA:4,7,3,1
BRDA:4,8,0,0
BRDA:4,8,1,1
BRDA:7,9,0,1
BRDA:7,9,1,1
BRDA:7,9,2,1
BRDA:7,9,3,1
BRDA:7,9,4,1
BRDA:7,10,0,0
BRDA:7,10,1,1
BRDA:10,11,0,1
BRDA:10,11,1,1
BRDA:13,12,0,1
BRDA:13,12,1,0
BRDA:16,13,0,1
BRDA:16,13,1,0
BRDA:33,14,0,1
BRDA:33,14,1,0
BRF:21
BRH:16
end_of_record
TN:
SF:/Users/samundra.dhakal/Desktop/personal/Uni/SoftwareTesting/src/isTypedArray.js
FN:27,(anonymous_2)
FN:28,(anonymous_3)
FNF:2
FNH:0
FNDA:0,(anonymous_2)
FNDA:0,(anonymous_3)
DA:1,1
DA:2,1
DA:3,1
DA:6,1
DA:9,1
DA:26,1
DA:27,0
DA:28,0
DA:30,1
LF:9
LH:7
BRDA:9,3,0,1
BRDA:9,3,1,1
BRDA:27,4,0,1
BRDA:27,4,1,0
BRDA:28,5,0,0
BRDA:28,5,1,0
BRF:6
BRH:3
end_of_record
TN:
SF:/Users/samundra.dhakal/Desktop/personal/Uni/SoftwareTesting/src/isArrayLike.js
FN:26,isArrayLike
FNF:1
FNH:0
FNDA:0,isArrayLike
DA:1,1
DA:26,1
DA:27,0
DA:30,1
LF:4
LH:3
BRDA:27,3,0,0
BRDA:27,3,1,0
BRDA:27,3,2,0
BRF:3
BRH:0
end_of_record
TN:
SF:/Users/samundra.dhakal/Desktop/personal/Uni/SoftwareTesting/src/isLength.js
FN:28,isLength
FNF:1
FNH:0
FNDA:0,isLength
DA:2,1
DA:28,1
DA:29,0
DA:33,1
LF:4
LH:3
BRDA:29,1,0,0
BRDA:29,1,1,0
BRDA:29,1,2,0
BRDA:29,1,3,0
BRF:4
BRH:0
end_of_record
TN:
SF:/Users/samundra.dhakal/Desktop/personal/Uni/SoftwareTesting/src/drop.js
FN:26,drop
FNF:1
FNH:1
FNDA:5,drop
DA:1,1
DA:2,1
DA:26,5
DA:27,5
DA:28,5
DA:33,1
LF:6
LH:6
BRDA:26,3,0,4
BRDA:26,3,1,1
BRDA:26,4,0,5
BRDA:26,4,1,4
BRDA:27,5,0,0
BRDA:27,5,1,5
BRDA:29,6,0,3
BRDA:29,6,1,2
BRDA:29,7,0,1
BRDA:29,7,1,2
BRF:10
BRH:9
end_of_record
TN:
SF:/Users/samundra.dhakal/Desktop/personal/Uni/SoftwareTesting/src/toInteger.js
FN:28,toInteger
FNF:1
FNH:1
FNDA:2,toInteger
DA:1,1
DA:28,1
DA:29,2
DA:30,2
DA:32,2
DA:35,1
LF:6
LH:6
BRDA:32,3,0,0
BRDA:32,3,1,2
BRF:2
BRH:1
end_of_record
TN:
SF:/Users/samundra.dhakal/Desktop/personal/Uni/SoftwareTesting/src/toFinite.js
FN:28,toFinite
FNF:1
FNH:1
FNDA:2,toFinite
DA:1,1
DA:4,1
DA:5,1
DA:28,1
DA:29,2
DA:30,0
DA:32,2
DA:33,2
DA:34,0
DA:35,0
DA:37,2
DA:40,1
LF:12
LH:9
BRDA:29,3,0,0
BRDA:29,3,1,2
BRDA:30,4,0,0
BRDA:30,4,1,0
BRDA:33,5,0,0
BRDA:33,5,1,2
BRDA:33,6,0,2
BRDA:33,6,1,2
BRDA:34,7,0,0
BRDA:34,7,1,0
BRDA:37,8,0,2
BRDA:37,8,1,0
BRF:12
BRH:5
end_of_record
TN:
SF:/Users/samundra.dhakal/Desktop/personal/Uni/SoftwareTesting/src/toNumber.js
FN:44,toNumber
FNF:1
FNH:1
FNDA:11,toNumber
DA:1,1
DA:2,1
DA:5,1
DA:8,1
DA:11,1
DA:14,1
DA:17,1
DA:20,1
DA:44,1
DA:45,11
DA:46,1
DA:48,10
DA:49,1
DA:51,9
DA:52,2
DA:53,2
DA:55,9
DA:56,1
DA:58,8
DA:59,8
DA:60,8
DA:65,1
LF:22
LH:22
BRDA:45,3,0,1
BRDA:45,3,1,10
BRDA:48,4,0,1
BRDA:48,4,1,9
BRDA:51,5,0,2
BRDA:51,5,1,7
BRDA:52,6,0,2
BRDA:52,6,1,0
BRDA:53,7,0,2
BRDA:53,7,1,0
BRDA:55,8,0,1
BRDA:55,8,1,8
BRDA:56,9,0,0
BRDA:56,9,1,1
BRDA:61,10,0,3
BRDA:61,10,1,5
BRDA:60,11,0,8
BRDA:60,11,1,6
BRDA:61,12,0,2
BRDA:61,12,1,1
BRDA:62,13,0,0
BRDA:62,13,1,5
BRF:22
BRH:18
end_of_record
TN:
SF:/Users/samundra.dhakal/Desktop/personal/Uni/SoftwareTesting/src/isObject.js
FN:24,isObject
FNF:1
FNH:1
FNDA:11,isObject
DA:24,1
DA:25,11
DA:26,11
DA:29,1
LF:4
LH:4
BRDA:25,5,0,1
BRDA:25,5,1,10
BRDA:26,6,0,11
BRDA:26,6,1,10
BRDA:26,6,2,6
BRF:5
BRH:5
end_of_record
TN:
SF:/Users/samundra.dhakal/Desktop/personal/Uni/SoftwareTesting/src/filter.js
FN:24,filter
FNF:1
FNH:1
FNDA:7,filter
DA:24,1
DA:25,7
DA:26,7
DA:27,7
DA:28,7
DA:30,7
DA:31,5
DA:32,5
DA:33,2
DA:36,5
DA:39,1
LF:11
LH:11
BRDA:27,1,0,1
BRDA:27,1,1,6
BRDA:32,2,0,2
BRDA:32,2,1,1
BRF:4
BRH:4
end_of_record
TN:
SF:/Users/samundra.dhakal/Desktop/personal/Uni/SoftwareTesting/src/isDate.js
FN:24,(anonymous_2)
FN:25,(anonymous_3)
FNF:2
FNH:1
FNDA:8,(anonymous_2)
FNDA:0,(anonymous_3)
DA:1,1
DA:2,1
DA:3,1
DA:6,1
DA:23,1
DA:24,8
DA:25,0
DA:27,1
LF:8
LH:7
BRDA:6,3,0,1
BRDA:6,3,1,1
BRDA:24,4,0,1
BRDA:24,4,1,0
BRDA:25,5,0,0
BRDA:25,5,1,0
BRF:6
BRH:3
end_of_record
TN:
SF:/Users/samundra.dhakal/Desktop/personal/Uni/SoftwareTesting/src/map.js
FN:19,map
FNF:1
FNH:1
FNDA:4,map
DA:19,1
DA:20,4
DA:21,4
DA:22,4
DA:24,4
DA:25,4
DA:27,4
DA:30,1
LF:8
LH:8
BRDA:21,1,0,2
BRDA:21,1,1,2
BRF:2
BRH:2
end_of_record
